Log file open, 08/27/19 17:45:00
LogWindows: Failed to load 'aqProf.dll' (GetLastError=126)
LogWindows: File 'aqProf.dll' does not exist
LogWindows: Failed to load 'VtuneApi.dll' (GetLastError=126)
LogWindows: File 'VtuneApi.dll' does not exist
LogWindows: Failed to load 'VtuneApi32e.dll' (GetLastError=126)
LogWindows: File 'VtuneApi32e.dll' does not exist
LogConsoleResponse: Display: Failed to find resolution value strings in scalability ini. Falling back to default.
LogInit: Display: Running engine for game: MoonFlorist
LogPakFile: Registered encryption key '00000000000000000000000000000000': 0 pak files mounted, 0 remain pending
LogPlatformFile: Not using cached read wrapper
LogTaskGraph: Started task graph with 5 named threads and 23 total threads with 3 sets of task threads.
LogStats: Stats thread started at 0.296958
LogD3D11RHI: Loaded GFSDK_Aftermath_Lib.x64.dll
LogICUInternationalization: ICU TimeZone Detection - Raw Offset: +12:00, Platform Override: ''
LogPluginManager: Mounting plugin Paper2D
LogPluginManager: Mounting plugin AISupport
LogPluginManager: Mounting plugin LightPropagationVolume
LogPluginManager: Mounting plugin ActorLayerUtilities
LogPluginManager: Mounting plugin AnimationSharing
LogPluginManager: Mounting plugin CLionSourceCodeAccess
LogPluginManager: Mounting plugin CodeLiteSourceCodeAccess
LogPluginManager: Mounting plugin GitSourceControl
LogPluginManager: Mounting plugin KDevelopSourceCodeAccess
LogPluginManager: Mounting plugin NullSourceCodeAccess
LogPluginManager: Mounting plugin PerforceSourceControl
LogPluginManager: Mounting plugin SubversionSourceControl
LogPluginManager: Mounting plugin UObjectPlugin
LogPluginManager: Mounting plugin VisualStudioCodeSourceCodeAccess
LogPluginManager: Mounting plugin VisualStudioSourceCodeAccess
LogPluginManager: Mounting plugin XCodeSourceCodeAccess
LogPluginManager: Mounting plugin AssetManagerEditor
LogPluginManager: Mounting plugin CryptoKeys
LogPluginManager: Mounting plugin DataValidation
LogPluginManager: Mounting plugin FacialAnimation
LogPluginManager: Mounting plugin GameplayTagsEditor
LogPluginManager: Mounting plugin MacGraphicsSwitching
LogPluginManager: Mounting plugin MaterialAnalyzer
LogPluginManager: Mounting plugin MobileLauncherProfileWizard
LogPluginManager: Mounting plugin PluginBrowser
LogPluginManager: Mounting plugin SpeedTreeImporter
LogPluginManager: Mounting plugin DatasmithContent
LogPluginManager: Mounting plugin VariantManagerContent
LogPluginManager: Mounting plugin AlembicImporter
LogPluginManager: Mounting plugin AppleImageUtils
LogPluginManager: Mounting plugin AppleVision
LogPluginManager: Mounting plugin BackChannel
LogPluginManager: Mounting plugin CharacterAI
LogPluginManager: Mounting plugin GeometryCache
LogPluginManager: Mounting plugin HTML5Networking
LogPluginManager: Mounting plugin ProxyLODPlugin
LogPluginManager: Mounting plugin SkeletalReduction
LogPluginManager: Mounting plugin MagicLeap
LogPluginManager: Mounting plugin MagicLeapMedia
LogPluginManager: Mounting plugin Substance
LogPluginManager: Mounting plugin AndroidMedia
LogPluginManager: Mounting plugin AvfMedia
LogPluginManager: Mounting plugin ImgMedia
LogPluginManager: Mounting plugin LinearTimecode
LogPluginManager: Mounting plugin MediaCompositing
LogPluginManager: Mounting plugin MediaPlayerEditor
LogPluginManager: Mounting plugin WebMMedia
LogPluginManager: Mounting plugin WmfMedia
LogPluginManager: Mounting plugin TcpMessaging
LogPluginManager: Mounting plugin UdpMessaging
LogPluginManager: Mounting plugin ActorSequence
LogPluginManager: Mounting plugin LevelSequenceEditor
LogPluginManager: Mounting plugin MatineeToLevelSequence
LogPluginManager: Mounting plugin NetcodeUnitTest
LogPluginManager: Mounting plugin NUTUnrealEngine4
LogPluginManager: Mounting plugin OnlineSubsystemGooglePlay
LogPluginManager: Mounting plugin OnlineSubsystemIOS
LogPluginManager: Mounting plugin OnlineSubsystem
LogPluginManager: Mounting plugin OnlineSubsystemNull
LogPluginManager: Mounting plugin OnlineSubsystemUtils
LogPluginManager: Mounting plugin LauncherChunkInstaller
LogPluginManager: Mounting plugin AndroidDeviceProfileSelector
LogPluginManager: Mounting plugin AndroidMoviePlayer
LogPluginManager: Mounting plugin AndroidPermission
LogPluginManager: Mounting plugin AppleMoviePlayer
LogPluginManager: Mounting plugin ArchVisCharacter
LogPluginManager: Mounting plugin AudioCapture
LogPluginManager: Mounting plugin CableComponent
LogPluginManager: Mounting plugin CustomMeshComponent
LogPluginManager: Mounting plugin EditableMesh
LogPluginManager: Mounting plugin ExampleDeviceProfileSelector
LogPluginManager: Mounting plugin Firebase
LogPluginManager: Mounting plugin GoogleCloudMessaging
LogPluginManager: Mounting plugin IOSDeviceProfileSelector
LogPluginManager: Mounting plugin LinuxDeviceProfileSelector
LogPluginManager: Mounting plugin LocationServicesBPLibrary
LogPluginManager: Mounting plugin MobilePatchingUtils
LogPluginManager: Mounting plugin OculusVR
LogPluginManager: Mounting plugin PhysXVehicles
LogPluginManager: Mounting plugin ProceduralMeshComponent
LogPluginManager: Mounting plugin RuntimePhysXCooking
LogPluginManager: Mounting plugin SignificanceManager
LogPluginManager: Mounting plugin SteamVR
LogPluginManager: Mounting plugin WebMMoviePlayer
LogPluginManager: Mounting plugin WindowsMoviePlayer
LogInit: Using libcurl 7.55.1-DEV
LogInit:  - built for x86_64-pc-win32
LogInit:  - supports SSL with OpenSSL/1.1.1
LogInit:  - supports HTTP deflate (compression) using libz 1.2.8
LogInit:  - other features:
LogInit:      CURL_VERSION_SSL
LogInit:      CURL_VERSION_LIBZ
LogInit:      CURL_VERSION_IPV6
LogInit:      CURL_VERSION_ASYNCHDNS
LogInit:      CURL_VERSION_LARGEFILE
LogInit:      CURL_VERSION_IDN
LogInit:  CurlRequestOptions (configurable via config and command line):
LogInit:  - bVerifyPeer = true  - Libcurl will verify peer certificate
LogInit:  - bUseHttpProxy = false  - Libcurl will NOT use HTTP proxy
LogInit:  - bDontReuseConnections = false  - Libcurl will reuse connections
LogInit:  - MaxHostConnections = 16  - Libcurl will limit the number of connections to a host
LogInit:  - LocalHostAddr = Default
LogInit:  - BufferSize = 65536
LogInit: WinSock: version 1.1 (2.2), MaxSocks=32767, MaxUdp=65467
LogInit: Build: ++UE4+Release-4.22-CL-7053642
LogInit: Engine Version: 4.22.3-7053642+++UE4+Release-4.22
LogInit: Compatible Engine Version: 4.22.0-5660361+++UE4+Release-4.22
LogInit: Net CL: 5660361
LogInit: OS: Windows 10 (Release 1803) (), CPU: Intel(R) Core(TM) i7-4790 CPU @ 3.60GHz, GPU: NVIDIA GeForce GTX 960
LogInit: Compiled (64-bit): Jun 18 2019 03:09:11
LogInit: Compiled with Visual C++: 19.16.27025.01
LogInit: Build Configuration: Development
LogInit: Branch Name: ++UE4+Release-4.22
LogInit: Command Line: 
LogInit: Base Directory: C:/Program Files/Epic Games/UE_4.22/Engine/Binaries/Win64/
LogInit: Installed Engine Build: 1
LogDevObjectVersion: Number of dev versions registered: 23
LogDevObjectVersion:   Dev-Blueprints (B0D832E4-1F89-4F0D-ACCF-7EB736FD4AA2): 10
LogDevObjectVersion:   Dev-Build (E1C64328-A22C-4D53-A36C-8E866417BD8C): 0
LogDevObjectVersion:   Dev-Core (375EC13C-06E4-48FB-B500-84F0262A717E): 3
LogDevObjectVersion:   Dev-Editor (E4B068ED-F494-42E9-A231-DA0B2E46BB41): 30
LogDevObjectVersion:   Dev-Framework (CFFC743F-43B0-4480-9391-14DF171D2073): 35
LogDevObjectVersion:   Dev-Mobile (B02B49B5-BB20-44E9-A304-32B752E40360): 2
LogDevObjectVersion:   Dev-Networking (A4E4105C-59A1-49B5-A7C5-40C4547EDFEE): 0
LogDevObjectVersion:   Dev-Online (39C831C9-5AE6-47DC-9A44-9C173E1C8E7C): 0
LogDevObjectVersion:   Dev-Physics (78F01B33-EBEA-4F98-B9B4-84EACCB95AA2): 0
LogDevObjectVersion:   Dev-Platform (6631380F-2D4D-43E0-8009-CF276956A95A): 0
LogDevObjectVersion:   Dev-Rendering (12F88B9F-8875-4AFC-A67C-D90C383ABD29): 28
LogDevObjectVersion:   Dev-Sequencer (7B5AE74C-D270-4C10-A958-57980B212A5A): 11
LogDevObjectVersion:   Dev-VR (D7296918-1DD6-4BDD-9DE2-64A83CC13884): 2
LogDevObjectVersion:   Dev-LoadTimes (C2A15278-BFE7-4AFE-6C17-90FF531DF755): 1
LogDevObjectVersion:   Private-Geometry (6EACA3D4-40EC-4CC1-B786-8BED09428FC5): 3
LogDevObjectVersion:   Dev-AnimPhys (29E575DD-E0A3-4627-9D10-D276232CDCEA): 17
LogDevObjectVersion:   Dev-Anim (AF43A65D-7FD3-4947-9873-3E8ED9C1BB05): 2
LogDevObjectVersion:   Dev-ReflectionCapture (6B266CEC-1EC7-4B8F-A30B-E4D90942FC07): 1
LogDevObjectVersion:   Dev-Automation (0DF73D61-A23F-47EA-B727-89E90C41499A): 1
LogDevObjectVersion:   FortniteMain (601D1886-AC64-4F84-AA16-D3DE0DEAC7D6): 25
LogDevObjectVersion:   Dev-Enterprise (9DFFBCD6-494F-0158-E221-12823C92A888): 6
LogDevObjectVersion:   Dev-Niagara (F2AED0AC-9AFE-416F-8664-AA7FFA26D6FC): 1
LogDevObjectVersion:   Dev-Destruction (174F1F0B-B4C6-45A5-B13F-2EE8D0FB917D): 2
LogInit: Presizing for max 16777216 objects, including 0 objects not considered by GC, pre-allocating 0 bytes for permanent pool.
LogInit: Object subsystem initialized
LogConfig: Setting CVar [[con.DebugEarlyDefault:1]]
LogConfig: Setting CVar [[r.setres:1280x720]]
[2019.08.27-05.45.00:694][  0]LogConfig: Setting CVar [[r.VSync:0]]
[2019.08.27-05.45.00:694][  0]LogConfig: Setting CVar [[r.RHICmdBypass:0]]
[2019.08.27-05.45.00:694][  0]LogConfig: Applying CVar settings from Section [/Script/Engine.RendererSettings] File [D:/Users/pedro.kle7771/Desktop/MoonFlorist/MoonFlorist/Saved/Config/Windows/Engine.ini]
[2019.08.27-05.45.00:694][  0]LogConfig: Setting CVar [[r.GPUCrashDebugging:0]]
[2019.08.27-05.45.00:694][  0]LogConfig: Setting CVar [[r.DefaultFeature.AutoExposure:0]]
[2019.08.27-05.45.00:694][  0]LogConfig: Applying CVar settings from Section [/Script/Engine.RendererOverrideSettings] File [D:/Users/pedro.kle7771/Desktop/MoonFlorist/MoonFlorist/Saved/Config/Windows/Engine.ini]
[2019.08.27-05.45.00:694][  0]LogConfig: Applying CVar settings from Section [/Script/Engine.StreamingSettings] File [D:/Users/pedro.kle7771/Desktop/MoonFlorist/MoonFlorist/Saved/Config/Windows/Engine.ini]
[2019.08.27-05.45.00:694][  0]LogConfig: Setting CVar [[s.MinBulkDataSizeForAsyncLoading:131072]]
[2019.08.27-05.45.00:694][  0]LogConfig: Setting CVar [[s.AsyncLoadingThreadEnabled:0]]
[2019.08.27-05.45.00:694][  0]LogConfig: Setting CVar [[s.EventDrivenLoaderEnabled:1]]
[2019.08.27-05.45.00:694][  0]LogConfig: Setting CVar [[s.WarnIfTimeLimitExceeded:0]]
[2019.08.27-05.45.00:694][  0]LogConfig: Setting CVar [[s.TimeLimitExceededMultiplier:1.5]]
[2019.08.27-05.45.00:694][  0]LogConfig: Setting CVar [[s.TimeLimitExceededMinTime:0.005]]
[2019.08.27-05.45.00:694][  0]LogConfig: Setting CVar [[s.UseBackgroundLevelStreaming:1]]
[2019.08.27-05.45.00:694][  0]LogConfig: Setting CVar [[s.PriorityAsyncLoadingExtraTime:15.0]]
[2019.08.27-05.45.00:694][  0]LogConfig: Setting CVar [[s.LevelStreamingActorsUpdateTimeLimit:5.0]]
[2019.08.27-05.45.00:694][  0]LogConfig: Setting CVar [[s.PriorityLevelStreamingActorsUpdateExtraTime:5.0]]
[2019.08.27-05.45.00:694][  0]LogConfig: Setting CVar [[s.LevelStreamingComponentsRegistrationGranularity:10]]
[2019.08.27-05.45.00:694][  0]LogConfig: Setting CVar [[s.UnregisterComponentsTimeLimit:1.0]]
[2019.08.27-05.45.00:694][  0]LogConfig: Setting CVar [[s.LevelStreamingComponentsUnregistrationGranularity:5]]
[2019.08.27-05.45.00:694][  0]LogConfig: Applying CVar settings from Section [/Script/Engine.GarbageCollectionSettings] File [D:/Users/pedro.kle7771/Desktop/MoonFlorist/MoonFlorist/Saved/Config/Windows/Engine.ini]
[2019.08.27-05.45.00:694][  0]LogConfig: Setting CVar [[gc.MaxObjectsNotConsideredByGC:1]]
[2019.08.27-05.45.00:694][  0]LogConfig: Setting CVar [[gc.SizeOfPermanentObjectPool:0]]
[2019.08.27-05.45.00:694][  0]LogConfig: Setting CVar [[gc.FlushStreamingOnGC:0]]
[2019.08.27-05.45.00:694][  0]LogConfig: Setting CVar [[gc.NumRetriesBeforeForcingGC:10]]
[2019.08.27-05.45.00:694][  0]LogConfig: Setting CVar [[gc.AllowParallelGC:1]]
[2019.08.27-05.45.00:694][  0]LogConfig: Setting CVar [[gc.TimeBetweenPurgingPendingKillObjects:61.1]]
[2019.08.27-05.45.00:694][  0]LogConfig: Setting CVar [[gc.MaxObjectsInEditor:16777216]]
[2019.08.27-05.45.00:694][  0]LogConfig: Setting CVar [[gc.IncrementalBeginDestroyEnabled:1]]
[2019.08.27-05.45.00:694][  0]LogConfig: Setting CVar [[gc.CreateGCClusters:1]]
[2019.08.27-05.45.00:694][  0]LogConfig: Setting CVar [[gc.MinGCClusterSize:5]]
[2019.08.27-05.45.00:694][  0]LogConfig: Setting CVar [[gc.ActorClusteringEnabled:0]]
[2019.08.27-05.45.00:694][  0]LogConfig: Setting CVar [[gc.BlueprintClusteringEnabled:0]]
[2019.08.27-05.45.00:694][  0]LogConfig: Setting CVar [[gc.UseDisregardForGCOnDedicatedServers:0]]
[2019.08.27-05.45.00:694][  0]LogConfig: Applying CVar settings from Section [/Script/Engine.NetworkSettings] File [D:/Users/pedro.kle7771/Desktop/MoonFlorist/MoonFlorist/Saved/Config/Windows/Engine.ini]
[2019.08.27-05.45.00:694][  0]LogConfig: Applying CVar settings from Section [/Script/UnrealEd.CookerSettings] File [D:/Users/pedro.kle7771/Desktop/MoonFlorist/MoonFlorist/Saved/Config/Windows/Engine.ini]
[2019.08.27-05.45.00:700][  0]LogConfig: Applying CVar settings from Section [ViewDistanceQuality@3] File [D:/Users/pedro.kle7771/Desktop/MoonFlorist/MoonFlorist/Saved/Config/Windows/Scalability.ini]
[2019.08.27-05.45.00:700][  0]LogConfig: Setting CVar [[r.SkeletalMeshLODBias:0]]
[2019.08.27-05.45.00:700][  0]LogConfig: Setting CVar [[r.ViewDistanceScale:1.0]]
[2019.08.27-05.45.00:700][  0]LogConfig: Applying CVar settings from Section [AntiAliasingQuality@3] File [D:/Users/pedro.kle7771/Desktop/MoonFlorist/MoonFlorist/Saved/Config/Windows/Scalability.ini]
[2019.08.27-05.45.00:700][  0]LogConfig: Setting CVar [[r.PostProcessAAQuality:4]]
[2019.08.27-05.45.00:700][  0]LogConfig: Applying CVar settings from Section [ShadowQuality@3] File [D:/Users/pedro.kle7771/Desktop/MoonFlorist/MoonFlorist/Saved/Config/Windows/Scalability.ini]
[2019.08.27-05.45.00:700][  0]LogConfig: Setting CVar [[r.LightFunctionQuality:1]]
[2019.08.27-05.45.00:700][  0]LogConfig: Setting CVar [[r.ShadowQuality:5]]
[2019.08.27-05.45.00:700][  0]LogConfig: Setting CVar [[r.Shadow.CSM.MaxCascades:10]]
[2019.08.27-05.45.00:700][  0]LogConfig: Setting CVar [[r.Shadow.MaxResolution:2048]]
[2019.08.27-05.45.00:700][  0]LogConfig: Setting CVar [[r.Shadow.MaxCSMResolution:2048]]
[2019.08.27-05.45.00:700][  0]LogConfig: Setting CVar [[r.Shadow.RadiusThreshold:0.01]]
[2019.08.27-05.45.00:700][  0]LogConfig: Setting CVar [[r.Shadow.DistanceScale:1.0]]
[2019.08.27-05.45.00:700][  0]LogConfig: Setting CVar [[r.Shadow.CSM.TransitionScale:1.0]]
[2019.08.27-05.45.00:700][  0]LogConfig: Setting CVar [[r.Shadow.PreShadowResolutionFactor:1.0]]
[2019.08.27-05.45.00:700][  0]LogConfig: Setting CVar [[r.DistanceFieldShadowing:1]]
[2019.08.27-05.45.00:700][  0]LogConfig: Setting CVar [[r.DistanceFieldAO:1]]
[2019.08.27-05.45.00:700][  0]LogConfig: Setting CVar [[r.AOQuality:2]]
[2019.08.27-05.45.00:700][  0]LogConfig: Setting CVar [[r.VolumetricFog:1]]
[2019.08.27-05.45.00:700][  0]LogConfig: Setting CVar [[r.VolumetricFog.GridPixelSize:8]]
[2019.08.27-05.45.00:700][  0]LogConfig: Setting CVar [[r.VolumetricFog.GridSizeZ:128]]
[2019.08.27-05.45.00:700][  0]LogConfig: Setting CVar [[r.VolumetricFog.HistoryMissSupersampleCount:4]]
[2019.08.27-05.45.00:700][  0]LogConfig: Setting CVar [[r.LightMaxDrawDistanceScale:1]]
[2019.08.27-05.45.00:700][  0]LogConfig: Setting CVar [[r.CapsuleShadows:1]]
[2019.08.27-05.45.00:700][  0]LogConfig: Applying CVar settings from Section [PostProcessQuality@3] File [D:/Users/pedro.kle7771/Desktop/MoonFlorist/MoonFlorist/Saved/Config/Windows/Scalability.ini]
[2019.08.27-05.45.00:700][  0]LogConfig: Setting CVar [[r.MotionBlurQuality:4]]
[2019.08.27-05.45.00:700][  0]LogConfig: Setting CVar [[r.AmbientOcclusionMipLevelFactor:0.4]]
[2019.08.27-05.45.00:700][  0]LogConfig: Setting CVar [[r.AmbientOcclusionMaxQuality:100]]
[2019.08.27-05.45.00:700][  0]LogConfig: Setting CVar [[r.AmbientOcclusionLevels:-1]]
[2019.08.27-05.45.00:700][  0]LogConfig: Setting CVar [[r.AmbientOcclusionRadiusScale:1.0]]
[2019.08.27-05.45.00:700][  0]LogConfig: Setting CVar [[r.DepthOfFieldQuality:2]]
[2019.08.27-05.45.00:700][  0]LogConfig: Setting CVar [[r.RenderTargetPoolMin:400]]
[2019.08.27-05.45.00:700][  0]LogConfig: Setting CVar [[r.LensFlareQuality:2]]
[2019.08.27-05.45.00:700][  0]LogConfig: Setting CVar [[r.SceneColorFringeQuality:1]]
[2019.08.27-05.45.00:700][  0]LogConfig: Setting CVar [[r.EyeAdaptationQuality:2]]
[2019.08.27-05.45.00:701][  0]LogConfig: Setting CVar [[r.BloomQuality:5]]
[2019.08.27-05.45.00:701][  0]LogConfig: Setting CVar [[r.FastBlurThreshold:100]]
[2019.08.27-05.45.00:701][  0]LogConfig: Setting CVar [[r.Upscale.Quality:3]]
[2019.08.27-05.45.00:701][  0]LogConfig: Setting CVar [[r.Tonemapper.GrainQuantization:1]]
[2019.08.27-05.45.00:701][  0]LogConfig: Setting CVar [[r.LightShaftQuality:1]]
[2019.08.27-05.45.00:701][  0]LogConfig: Setting CVar [[r.Filter.SizeScale:1]]
[2019.08.27-05.45.00:701][  0]LogConfig: Setting CVar [[r.Tonemapper.Quality:5]]
[2019.08.27-05.45.00:701][  0]LogConfig: Setting CVar [[r.DOF.Gather.AccumulatorQuality:1        ; higher gathering accumulator quality]]
[2019.08.27-05.45.00:701][  0]LogConfig: Setting CVar [[r.DOF.Gather.PostfilterMethod:1          ; Median3x3 postfilering method]]
[2019.08.27-05.45.00:701][  0]LogConfig: Setting CVar [[r.DOF.Gather.EnableBokehSettings:0       ; no bokeh simulation when gathering]]
[2019.08.27-05.45.00:701][  0]LogConfig: Setting CVar [[r.DOF.Gather.RingCount:4                 ; medium number of samples when gathering]]
[2019.08.27-05.45.00:701][  0]LogConfig: Setting CVar [[r.DOF.Scatter.ForegroundCompositing:1    ; additive foreground scattering]]
[2019.08.27-05.45.00:701][  0]LogConfig: Setting CVar [[r.DOF.Scatter.BackgroundCompositing:2    ; additive background scattering]]
[2019.08.27-05.45.00:701][  0]LogConfig: Setting CVar [[r.DOF.Scatter.EnableBokehSettings:1      ; bokeh simulation when scattering]]
[2019.08.27-05.45.00:701][  0]LogConfig: Setting CVar [[r.DOF.Scatter.MaxSpriteRatio:0.1         ; only a maximum of 10% of scattered bokeh]]
[2019.08.27-05.45.00:701][  0]LogConfig: Setting CVar [[r.DOF.Recombine.Quality:1                ; cheap slight out of focus]]
[2019.08.27-05.45.00:701][  0]LogConfig: Setting CVar [[r.DOF.Recombine.EnableBokehSettings:0    ; no bokeh simulation on slight out of focus]]
[2019.08.27-05.45.00:701][  0]LogConfig: Setting CVar [[r.DOF.TemporalAAQuality:1                ; more stable temporal accumulation]]
[2019.08.27-05.45.00:701][  0]LogConfig: Setting CVar [[r.DOF.Kernel.MaxForegroundRadius:0.025]]
[2019.08.27-05.45.00:701][  0]LogConfig: Setting CVar [[r.DOF.Kernel.MaxBackgroundRadius:0.025]]
[2019.08.27-05.45.00:701][  0]LogConfig: Applying CVar settings from Section [TextureQuality@3] File [D:/Users/pedro.kle7771/Desktop/MoonFlorist/MoonFlorist/Saved/Config/Windows/Scalability.ini]
[2019.08.27-05.45.00:701][  0]LogConfig: Setting CVar [[r.Streaming.MipBias:0]]
[2019.08.27-05.45.00:701][  0]LogConfig: Setting CVar [[r.Streaming.AmortizeCPUToGPUCopy:0]]
[2019.08.27-05.45.00:701][  0]LogConfig: Setting CVar [[r.Streaming.MaxNumTexturesToStreamPerFrame:0]]
[2019.08.27-05.45.00:701][  0]LogConfig: Setting CVar [[r.Streaming.Boost:1]]
[2019.08.27-05.45.00:701][  0]LogConfig: Setting CVar [[r.MaxAnisotropy:8]]
[2019.08.27-05.45.00:701][  0]LogConfig: Setting CVar [[r.Streaming.LimitPoolSizeToVRAM:0]]
[2019.08.27-05.45.00:701][  0]LogConfig: Setting CVar [[r.Streaming.PoolSize:1000]]
[2019.08.27-05.45.00:701][  0]LogConfig: Setting CVar [[r.Streaming.MaxEffectiveScreenSize:0]]
[2019.08.27-05.45.00:701][  0]LogConfig: Applying CVar settings from Section [EffectsQuality@3] File [D:/Users/pedro.kle7771/Desktop/MoonFlorist/MoonFlorist/Saved/Config/Windows/Scalability.ini]
[2019.08.27-05.45.00:701][  0]LogConfig: Setting CVar [[r.TranslucencyLightingVolumeDim:64]]
[2019.08.27-05.45.00:701][  0]LogConfig: Setting CVar [[r.RefractionQuality:2]]
[2019.08.27-05.45.00:701][  0]LogConfig: Setting CVar [[r.SSR.Quality:3]]
[2019.08.27-05.45.00:701][  0]LogConfig: Setting CVar [[r.SceneColorFormat:4]]
[2019.08.27-05.45.00:701][  0]LogConfig: Setting CVar [[r.DetailMode:2]]
[2019.08.27-05.45.00:701][  0]LogConfig: Setting CVar [[r.TranslucencyVolumeBlur:1]]
[2019.08.27-05.45.00:701][  0]LogConfig: Setting CVar [[r.MaterialQualityLevel:1 ; High quality]]
[2019.08.27-05.45.00:701][  0]LogConfig: Setting CVar [[r.SSS.Scale:1]]
[2019.08.27-05.45.00:701][  0]LogConfig: Setting CVar [[r.SSS.SampleSet:2]]
[2019.08.27-05.45.00:701][  0]LogConfig: Setting CVar [[r.SSS.Quality:1]]
[2019.08.27-05.45.00:701][  0]LogConfig: Setting CVar [[r.SSS.HalfRes:1]]
[2019.08.27-05.45.00:701][  0]LogConfig: Setting CVar [[r.EmitterSpawnRateScale:1.0]]
[2019.08.27-05.45.00:701][  0]LogConfig: Setting CVar [[r.ParticleLightQuality:2]]
[2019.08.27-05.45.00:701][  0]LogConfig: Applying CVar settings from Section [FoliageQuality@3] File [D:/Users/pedro.kle7771/Desktop/MoonFlorist/MoonFlorist/Saved/Config/Windows/Scalability.ini]
[2019.08.27-05.45.00:701][  0]LogConfig: Setting CVar [[foliage.DensityScale:1.0]]
[2019.08.27-05.45.00:701][  0]LogConfig: Setting CVar [[grass.DensityScale:1.0]]
[2019.08.27-05.45.00:701][  0]LogInit: Selected Device Profile: [Windows]
[2019.08.27-05.45.00:701][  0]LogInit: Applying CVar settings loaded from the selected device profile: [Windows]
[2019.08.27-05.45.00:712][  0]LogHAL: Display: Platform has ~ 16 GB [17034432512 / 17179869184 / 16], which maps to Larger [LargestMinGB=32, LargerMinGB=12, DefaultMinGB=8, SmallerMinGB=6, SmallestMinGB=0)
[2019.08.27-05.45.00:712][  0]LogConfig: Setting CVar [[r.Vulkan.UseRealUBs:0		; Required until we fix HLR fall-out]]
[2019.08.27-05.45.00:712][  0]LogInit: Going up to parent DeviceProfile []
[2019.08.27-05.45.00:712][  0]LogConfig: Applying CVar settings from Section [ViewDistanceQuality@3] File [D:/Users/pedro.kle7771/Desktop/MoonFlorist/MoonFlorist/Saved/Config/Windows/Scalability.ini]
[2019.08.27-05.45.00:712][  0]LogConfig: Setting CVar [[r.SkeletalMeshLODBias:0]]
[2019.08.27-05.45.00:712][  0]LogConfig: Setting CVar [[r.ViewDistanceScale:1.0]]
[2019.08.27-05.45.00:712][  0]LogConfig: Applying CVar settings from Section [AntiAliasingQuality@3] File [D:/Users/pedro.kle7771/Desktop/MoonFlorist/MoonFlorist/Saved/Config/Windows/Scalability.ini]
[2019.08.27-05.45.00:712][  0]LogConfig: Setting CVar [[r.PostProcessAAQuality:4]]
[2019.08.27-05.45.00:712][  0]LogConfig: Applying CVar settings from Section [ShadowQuality@3] File [D:/Users/pedro.kle7771/Desktop/MoonFlorist/MoonFlorist/Saved/Config/Windows/Scalability.ini]
[2019.08.27-05.45.00:712][  0]LogConfig: Setting CVar [[r.LightFunctionQuality:1]]
[2019.08.27-05.45.00:712][  0]LogConfig: Setting CVar [[r.ShadowQuality:5]]
[2019.08.27-05.45.00:712][  0]LogConfig: Setting CVar [[r.Shadow.CSM.MaxCascades:10]]
[2019.08.27-05.45.00:712][  0]LogConfig: Setting CVar [[r.Shadow.MaxResolution:2048]]
[2019.08.27-05.45.00:712][  0]LogConfig: Setting CVar [[r.Shadow.MaxCSMResolution:2048]]
[2019.08.27-05.45.00:712][  0]LogConfig: Setting CVar [[r.Shadow.RadiusThreshold:0.01]]
[2019.08.27-05.45.00:712][  0]LogConfig: Setting CVar [[r.Shadow.DistanceScale:1.0]]
[2019.08.27-05.45.00:712][  0]LogConfig: Setting CVar [[r.Shadow.CSM.TransitionScale:1.0]]
[2019.08.27-05.45.00:712][  0]LogConfig: Setting CVar [[r.Shadow.PreShadowResolutionFactor:1.0]]
[2019.08.27-05.45.00:712][  0]LogConfig: Setting CVar [[r.DistanceFieldShadowing:1]]
[2019.08.27-05.45.00:712][  0]LogConfig: Setting CVar [[r.DistanceFieldAO:1]]
[2019.08.27-05.45.00:712][  0]LogConfig: Setting CVar [[r.AOQuality:2]]
[2019.08.27-05.45.00:712][  0]LogConfig: Setting CVar [[r.VolumetricFog:1]]
[2019.08.27-05.45.00:712][  0]LogConfig: Setting CVar [[r.VolumetricFog.GridPixelSize:8]]
[2019.08.27-05.45.00:712][  0]LogConfig: Setting CVar [[r.VolumetricFog.GridSizeZ:128]]
[2019.08.27-05.45.00:712][  0]LogConfig: Setting CVar [[r.VolumetricFog.HistoryMissSupersampleCount:4]]
[2019.08.27-05.45.00:712][  0]LogConfig: Setting CVar [[r.LightMaxDrawDistanceScale:1]]
[2019.08.27-05.45.00:712][  0]LogConfig: Setting CVar [[r.CapsuleShadows:1]]
[2019.08.27-05.45.00:713][  0]LogConfig: Applying CVar settings from Section [PostProcessQuality@3] File [D:/Users/pedro.kle7771/Desktop/MoonFlorist/MoonFlorist/Saved/Config/Windows/Scalability.ini]
[2019.08.27-05.45.00:713][  0]LogConfig: Setting CVar [[r.MotionBlurQuality:4]]
[2019.08.27-05.45.00:713][  0]LogConfig: Setting CVar [[r.AmbientOcclusionMipLevelFactor:0.4]]
[2019.08.27-05.45.00:713][  0]LogConfig: Setting CVar [[r.AmbientOcclusionMaxQuality:100]]
[2019.08.27-05.45.00:713][  0]LogConfig: Setting CVar [[r.AmbientOcclusionLevels:-1]]
[2019.08.27-05.45.00:713][  0]LogConfig: Setting CVar [[r.AmbientOcclusionRadiusScale:1.0]]
[2019.08.27-05.45.00:713][  0]LogConfig: Setting CVar [[r.DepthOfFieldQuality:2]]
[2019.08.27-05.45.00:713][  0]LogConfig: Setting CVar [[r.RenderTargetPoolMin:400]]
[2019.08.27-05.45.00:713][  0]LogConfig: Setting CVar [[r.LensFlareQuality:2]]
[2019.08.27-05.45.00:713][  0]LogConfig: Setting CVar [[r.SceneColorFringeQuality:1]]
[2019.08.27-05.45.00:713][  0]LogConfig: Setting CVar [[r.EyeAdaptationQuality:2]]
[2019.08.27-05.45.00:713][  0]LogConfig: Setting CVar [[r.BloomQuality:5]]
[2019.08.27-05.45.00:713][  0]LogConfig: Setting CVar [[r.FastBlurThreshold:100]]
[2019.08.27-05.45.00:713][  0]LogConfig: Setting CVar [[r.Upscale.Quality:3]]
[2019.08.27-05.45.00:713][  0]LogConfig: Setting CVar [[r.Tonemapper.GrainQuantization:1]]
[2019.08.27-05.45.00:713][  0]LogConfig: Setting CVar [[r.LightShaftQuality:1]]
[2019.08.27-05.45.00:713][  0]LogConfig: Setting CVar [[r.Filter.SizeScale:1]]
[2019.08.27-05.45.00:713][  0]LogConfig: Setting CVar [[r.Tonemapper.Quality:5]]
[2019.08.27-05.45.00:713][  0]LogConfig: Setting CVar [[r.DOF.Gather.AccumulatorQuality:1        ; higher gathering accumulator quality]]
[2019.08.27-05.45.00:713][  0]LogConfig: Setting CVar [[r.DOF.Gather.PostfilterMethod:1          ; Median3x3 postfilering method]]
[2019.08.27-05.45.00:713][  0]LogConfig: Setting CVar [[r.DOF.Gather.EnableBokehSettings:0       ; no bokeh simulation when gathering]]
[2019.08.27-05.45.00:713][  0]LogConfig: Setting CVar [[r.DOF.Gather.RingCount:4                 ; medium number of samples when gathering]]
[2019.08.27-05.45.00:713][  0]LogConfig: Setting CVar [[r.DOF.Scatter.ForegroundCompositing:1    ; additive foreground scattering]]
[2019.08.27-05.45.00:713][  0]LogConfig: Setting CVar [[r.DOF.Scatter.BackgroundCompositing:2    ; additive background scattering]]
[2019.08.27-05.45.00:713][  0]LogConfig: Setting CVar [[r.DOF.Scatter.EnableBokehSettings:1      ; bokeh simulation when scattering]]
[2019.08.27-05.45.00:713][  0]LogConfig: Setting CVar [[r.DOF.Scatter.MaxSpriteRatio:0.1         ; only a maximum of 10% of scattered bokeh]]
[2019.08.27-05.45.00:713][  0]LogConfig: Setting CVar [[r.DOF.Recombine.Quality:1                ; cheap slight out of focus]]
[2019.08.27-05.45.00:713][  0]LogConfig: Setting CVar [[r.DOF.Recombine.EnableBokehSettings:0    ; no bokeh simulation on slight out of focus]]
[2019.08.27-05.45.00:713][  0]LogConfig: Setting CVar [[r.DOF.TemporalAAQuality:1                ; more stable temporal accumulation]]
[2019.08.27-05.45.00:713][  0]LogConfig: Setting CVar [[r.DOF.Kernel.MaxForegroundRadius:0.025]]
[2019.08.27-05.45.00:713][  0]LogConfig: Setting CVar [[r.DOF.Kernel.MaxBackgroundRadius:0.025]]
[2019.08.27-05.45.00:713][  0]LogConfig: Applying CVar settings from Section [TextureQuality@3] File [D:/Users/pedro.kle7771/Desktop/MoonFlorist/MoonFlorist/Saved/Config/Windows/Scalability.ini]
[2019.08.27-05.45.00:713][  0]LogConfig: Setting CVar [[r.Streaming.MipBias:0]]
[2019.08.27-05.45.00:713][  0]LogConfig: Setting CVar [[r.Streaming.AmortizeCPUToGPUCopy:0]]
[2019.08.27-05.45.00:713][  0]LogConfig: Setting CVar [[r.Streaming.MaxNumTexturesToStreamPerFrame:0]]
[2019.08.27-05.45.00:713][  0]LogConfig: Setting CVar [[r.Streaming.Boost:1]]
[2019.08.27-05.45.00:713][  0]LogConfig: Setting CVar [[r.MaxAnisotropy:8]]
[2019.08.27-05.45.00:713][  0]LogConfig: Setting CVar [[r.Streaming.LimitPoolSizeToVRAM:0]]
[2019.08.27-05.45.00:713][  0]LogConfig: Setting CVar [[r.Streaming.PoolSize:1000]]
[2019.08.27-05.45.00:713][  0]LogConfig: Setting CVar [[r.Streaming.MaxEffectiveScreenSize:0]]
[2019.08.27-05.45.00:713][  0]LogConfig: Applying CVar settings from Section [EffectsQuality@3] File [D:/Users/pedro.kle7771/Desktop/MoonFlorist/MoonFlorist/Saved/Config/Windows/Scalability.ini]
[2019.08.27-05.45.00:713][  0]LogConfig: Setting CVar [[r.TranslucencyLightingVolumeDim:64]]
[2019.08.27-05.45.00:713][  0]LogConfig: Setting CVar [[r.RefractionQuality:2]]
[2019.08.27-05.45.00:713][  0]LogConfig: Setting CVar [[r.SSR.Quality:3]]
[2019.08.27-05.45.00:713][  0]LogConfig: Setting CVar [[r.SceneColorFormat:4]]
[2019.08.27-05.45.00:713][  0]LogConfig: Setting CVar [[r.DetailMode:2]]
[2019.08.27-05.45.00:713][  0]LogConfig: Setting CVar [[r.TranslucencyVolumeBlur:1]]
[2019.08.27-05.45.00:713][  0]LogConfig: Setting CVar [[r.MaterialQualityLevel:1 ; High quality]]
[2019.08.27-05.45.00:713][  0]LogConfig: Setting CVar [[r.SSS.Scale:1]]
[2019.08.27-05.45.00:713][  0]LogConfig: Setting CVar [[r.SSS.SampleSet:2]]
[2019.08.27-05.45.00:713][  0]LogConfig: Setting CVar [[r.SSS.Quality:1]]
[2019.08.27-05.45.00:713][  0]LogConfig: Setting CVar [[r.SSS.HalfRes:1]]
[2019.08.27-05.45.00:713][  0]LogConfig: Setting CVar [[r.EmitterSpawnRateScale:1.0]]
[2019.08.27-05.45.00:713][  0]LogConfig: Setting CVar [[r.ParticleLightQuality:2]]
[2019.08.27-05.45.00:713][  0]LogConfig: Applying CVar settings from Section [FoliageQuality@3] File [D:/Users/pedro.kle7771/Desktop/MoonFlorist/MoonFlorist/Saved/Config/Windows/Scalability.ini]
[2019.08.27-05.45.00:713][  0]LogConfig: Setting CVar [[foliage.DensityScale:1.0]]
[2019.08.27-05.45.00:713][  0]LogConfig: Setting CVar [[grass.DensityScale:1.0]]
[2019.08.27-05.45.00:713][  0]LogConfig: Applying CVar settings from Section [Startup] File [../../../Engine/Config/ConsoleVariables.ini]
[2019.08.27-05.45.00:713][  0]LogConfig: Setting CVar [[net.UseAdaptiveNetUpdateFrequency:0]]
[2019.08.27-05.45.00:713][  0]LogConfig: Setting CVar [[p.chaos.AllowCreatePhysxBodies:1]]
[2019.08.27-05.45.00:713][  0]LogConfig: Applying CVar settings from Section [ConsoleVariables] File [D:/Users/pedro.kle7771/Desktop/MoonFlorist/MoonFlorist/Saved/Config/Windows/Engine.ini]
[2019.08.27-05.45.00:714][  0]LogInit: Computer: 1407C020
[2019.08.27-05.45.00:714][  0]LogInit: User: pedrokle7771
[2019.08.27-05.45.00:714][  0]LogInit: CPU Page size=4096, Cores=4
[2019.08.27-05.45.00:714][  0]LogInit: High frequency timer resolution =3.515631 MHz
[2019.08.27-05.45.00:714][  0]LogMemory: Memory total: Physical=15.9GB (16GB approx)
[2019.08.27-05.45.00:714][  0]LogMemory: Platform Memory Stats for Windows
[2019.08.27-05.45.00:714][  0]LogMemory: Process Physical Memory: 98.06 MB used, 98.06 MB peak
[2019.08.27-05.45.00:714][  0]LogMemory: Process Virtual Memory: 101.10 MB used, 101.10 MB peak
[2019.08.27-05.45.00:714][  0]LogMemory: Physical Memory: 10946.50 MB used,  5298.80 MB free, 16245.30 MB total
[2019.08.27-05.45.00:714][  0]LogMemory: Virtual Memory: 4671.34 MB used,  134213056.00 MB free, 134217728.00 MB total
[2019.08.27-05.45.00:746][  0]LogInit: Using OS detected language (en-US).
[2019.08.27-05.45.00:746][  0]LogInit: Using OS detected locale (en-NZ).
[2019.08.27-05.45.00:747][  0]LogTextLocalizationManager: No specific localization for 'en-US' exists, so the 'en' localization will be used.
[2019.08.27-05.45.00:953][  0]LogInit: Setting process to per monitor DPI aware
[2019.08.27-05.45.01:005][  0]LogSlate: New Slate User Created.  User Index 0, Is Virtual User: 0
[2019.08.27-05.45.01:005][  0]LogSlate: Slate User Registered.  User Index 0, Is Virtual User: 0
[2019.08.27-05.45.01:228][  0]LogHMD: Failed to initialize OpenVR with code 110
[2019.08.27-05.45.01:228][  0]LogD3D11RHI: D3D11 adapters:
[2019.08.27-05.45.01:289][  0]LogD3D11RHI:    0. 'NVIDIA GeForce GTX 960' (Feature Level 11_0)
[2019.08.27-05.45.01:289][  0]LogD3D11RHI:       2016/0/8122 MB DedicatedVideo/DedicatedSystem/SharedSystem, Outputs:2, VendorId:0x10de
[2019.08.27-05.45.01:299][  0]LogD3D11RHI:    1. 'Intel(R) HD Graphics 4600' (Feature Level 11_0)
[2019.08.27-05.45.01:299][  0]LogD3D11RHI:       32/0/1760 MB DedicatedVideo/DedicatedSystem/SharedSystem, Outputs:0, VendorId:0x8086
[2019.08.27-05.45.01:302][  0]LogD3D11RHI:    2. 'Microsoft Basic Render Driver' (Feature Level 11_0)
[2019.08.27-05.45.01:302][  0]LogD3D11RHI:       0/0/8122 MB DedicatedVideo/DedicatedSystem/SharedSystem, Outputs:0, VendorId:0x1414
[2019.08.27-05.45.01:302][  0]LogD3D11RHI: Chosen D3D11 Adapter: 0
[2019.08.27-05.45.01:314][  0]LogD3D11RHI: Creating new Direct3DDevice
[2019.08.27-05.45.01:314][  0]LogD3D11RHI:     GPU DeviceId: 0x1401 (for the marketing name, search the web for "GPU Device Id")
[2019.08.27-05.45.01:314][  0]LogWindows: EnumDisplayDevices:
[2019.08.27-05.45.01:315][  0]LogWindows:    0. 'NVIDIA GeForce GTX 960' (P:1 D:1)
[2019.08.27-05.45.01:315][  0]LogWindows:    1. 'NVIDIA GeForce GTX 960' (P:0 D:1)
[2019.08.27-05.45.01:316][  0]LogWindows:    2. 'NVIDIA GeForce GTX 960' (P:0 D:0)
[2019.08.27-05.45.01:316][  0]LogWindows:    3. 'NVIDIA GeForce GTX 960' (P:0 D:0)
[2019.08.27-05.45.01:316][  0]LogWindows:    4. 'Intel(R) HD Graphics 4600' (P:0 D:0)
[2019.08.27-05.45.01:316][  0]LogWindows:    5. 'Intel(R) HD Graphics 4600' (P:0 D:0)
[2019.08.27-05.45.01:317][  0]LogWindows:    6. 'Intel(R) HD Graphics 4600' (P:0 D:0)
[2019.08.27-05.45.01:317][  0]LogWindows:    7. 'Mirage Driver' (P:0 D:0)
[2019.08.27-05.45.01:318][  0]LogWindows: DebugString: PrimaryIsNotTheChoosenAdapter PrimaryIsNotTheChoosenAdapter PrimaryIsNotTheChoosenAdapter GetVideoDriverDetailsInvalid PrimaryIsNotTheChoosenAdapter FoundDriverCount:4 
[2019.08.27-05.45.01:318][  0]LogD3D11RHI:     Adapter Name: NVIDIA GeForce GTX 960
[2019.08.27-05.45.01:318][  0]LogD3D11RHI:   Driver Version: 388.13 (internal:23.21.13.8813, unified:388.13)
[2019.08.27-05.45.01:318][  0]LogD3D11RHI:      Driver Date: 10-27-2017
[2019.08.27-05.45.01:318][  0]LogRHI: Texture pool is 1411 MB (70% of 2016 MB)
[2019.08.27-05.45.01:357][  0]LogD3D11RHI: Async texture creation enabled
[2019.08.27-05.45.01:361][  0]LogRendererCore: FGlobalReadBuffer::InitRHI
[2019.08.27-05.45.01:361][  0]LogRendererCore: FGlobalReadBuffer::InitRHI
[2019.08.27-05.45.01:361][  0]LogRendererCore: FGlobalReadBuffer::InitRHI
[2019.08.27-05.45.01:369][  0]LogD3D11RHI: GPU Timing Frequency: 1000.000000 (Debug: 2 1)
[2019.08.27-05.45.02:007][  0]LogTemp: Display: Module 'AllDesktopTargetPlatform' loaded TargetPlatform 'AllDesktop'
[2019.08.27-05.45.02:028][  0]LogTemp: Display: Module 'MacClientTargetPlatform' loaded TargetPlatform 'MacClient'
[2019.08.27-05.45.02:051][  0]LogTemp: Display: Module 'MacNoEditorTargetPlatform' loaded TargetPlatform 'MacNoEditor'
[2019.08.27-05.45.02:072][  0]LogTemp: Display: Module 'MacServerTargetPlatform' loaded TargetPlatform 'MacServer'
[2019.08.27-05.45.02:089][  0]LogTemp: Display: Module 'MacTargetPlatform' loaded TargetPlatform 'Mac'
[2019.08.27-05.45.02:112][  0]LogTemp: Display: Module 'WindowsClientTargetPlatform' loaded TargetPlatform 'WindowsClient'
[2019.08.27-05.45.02:135][  0]LogTemp: Display: Module 'WindowsNoEditorTargetPlatform' loaded TargetPlatform 'WindowsNoEditor'
[2019.08.27-05.45.02:156][  0]LogTemp: Display: Module 'WindowsServerTargetPlatform' loaded TargetPlatform 'WindowsServer'
[2019.08.27-05.45.02:167][  0]LogTemp: Display: Module 'WindowsTargetPlatform' loaded TargetPlatform 'Windows'
[2019.08.27-05.45.02:305][  0]LogTemp: Display: Module 'AndroidTargetPlatform' loaded TargetPlatform 'Android'
[2019.08.27-05.45.02:305][  0]LogTemp: Display: Module 'AndroidTargetPlatform' loaded TargetPlatform 'Android_ASTC'
[2019.08.27-05.45.02:305][  0]LogTemp: Display: Module 'AndroidTargetPlatform' loaded TargetPlatform 'Android_ATC'
[2019.08.27-05.45.02:305][  0]LogTemp: Display: Module 'AndroidTargetPlatform' loaded TargetPlatform 'Android_DXT'
[2019.08.27-05.45.02:305][  0]LogTemp: Display: Module 'AndroidTargetPlatform' loaded TargetPlatform 'Android_ETC1'
[2019.08.27-05.45.02:305][  0]LogTemp: Display: Module 'AndroidTargetPlatform' loaded TargetPlatform 'Android_ETC1a'
[2019.08.27-05.45.02:305][  0]LogTemp: Display: Module 'AndroidTargetPlatform' loaded TargetPlatform 'Android_ETC2'
[2019.08.27-05.45.02:305][  0]LogTemp: Display: Module 'AndroidTargetPlatform' loaded TargetPlatform 'Android_PVRTC'
[2019.08.27-05.45.02:305][  0]LogTemp: Display: Module 'AndroidTargetPlatform' loaded TargetPlatform 'AndroidClient'
[2019.08.27-05.45.02:305][  0]LogTemp: Display: Module 'AndroidTargetPlatform' loaded TargetPlatform 'Android_ASTCClient'
[2019.08.27-05.45.02:305][  0]LogTemp: Display: Module 'AndroidTargetPlatform' loaded TargetPlatform 'Android_ATCClient'
[2019.08.27-05.45.02:305][  0]LogTemp: Display: Module 'AndroidTargetPlatform' loaded TargetPlatform 'Android_DXTClient'
[2019.08.27-05.45.02:305][  0]LogTemp: Display: Module 'AndroidTargetPlatform' loaded TargetPlatform 'Android_ETC1Client'
[2019.08.27-05.45.02:305][  0]LogTemp: Display: Module 'AndroidTargetPlatform' loaded TargetPlatform 'Android_ETC1aClient'
[2019.08.27-05.45.02:305][  0]LogTemp: Display: Module 'AndroidTargetPlatform' loaded TargetPlatform 'Android_ETC2Client'
[2019.08.27-05.45.02:305][  0]LogTemp: Display: Module 'AndroidTargetPlatform' loaded TargetPlatform 'Android_PVRTCClient'
[2019.08.27-05.45.02:305][  0]LogTemp: Display: Module 'AndroidTargetPlatform' loaded TargetPlatform 'Android_Multi'
[2019.08.27-05.45.02:305][  0]LogTemp: Display: Module 'AndroidTargetPlatform' loaded TargetPlatform 'Android_MultiClient'
[2019.08.27-05.45.02:308][  0]LogTemp: Display: Module 'HTML5TargetPlatform' loaded TargetPlatform 'HTML5'
[2019.08.27-05.45.02:381][  0]LogTemp: Display: Module 'IOSTargetPlatform' loaded TargetPlatform 'IOSClient'
[2019.08.27-05.45.02:381][  0]LogTemp: Display: Module 'IOSTargetPlatform' loaded TargetPlatform 'IOS'
[2019.08.27-05.45.02:416][  0]LogTemp: Display: Module 'TVOSTargetPlatform' loaded TargetPlatform 'TVOSClient'
[2019.08.27-05.45.02:416][  0]LogTemp: Display: Module 'TVOSTargetPlatform' loaded TargetPlatform 'TVOS'
[2019.08.27-05.45.02:438][  0]LogTemp: Display: Module 'LinuxClientTargetPlatform' loaded TargetPlatform 'LinuxClient'
[2019.08.27-05.45.02:458][  0]LogTemp: Display: Module 'LinuxNoEditorTargetPlatform' loaded TargetPlatform 'LinuxNoEditor'
[2019.08.27-05.45.02:479][  0]LogTemp: Display: Module 'LinuxServerTargetPlatform' loaded TargetPlatform 'LinuxServer'
[2019.08.27-05.45.02:494][  0]LogTemp: Display: Module 'LinuxTargetPlatform' loaded TargetPlatform 'Linux'
[2019.08.27-05.45.02:542][  0]LogTemp: Display: Module 'LuminTargetPlatform' loaded TargetPlatform 'Lumin'
[2019.08.27-05.45.02:542][  0]LogTemp: Display: Module 'LuminTargetPlatform' loaded TargetPlatform 'LuminClient'
[2019.08.27-05.45.02:542][  0]LogTargetPlatformManager: Display: Building Assets For Windows
[2019.08.27-05.45.02:558][  0]LogAudioDebug: Display: Lib vorbis DLL was dynamically loaded.
[2019.08.27-05.45.02:648][  0]LogShaderCompilers: Guid format shader working directory is 0 characters bigger than the processId version (D:/Users/pedro.kle7771/Desktop/MoonFlorist/MoonFlorist/Intermediate/Shaders/WorkingDirectory/7524/).
[2019.08.27-05.45.02:648][  0]LogShaderCompilers: Cleaned the shader compiler working directory 'D:/Users/pedro.kle7771/AppData/Local/Temp/UnrealShaderWorkingDir/DEBD58574BE5F2BF37F1F38404FE812E/'.
[2019.08.27-05.45.02:652][  0]LogXGEController: Cannot use XGE Controller as Incredibuild is not installed on this machine.
[2019.08.27-05.45.02:652][  0]LogShaderCompilers: Cannot use XGE Shader Compiler as Incredibuild is not installed on this machine.
[2019.08.27-05.45.02:652][  0]LogShaderCompilers: Display: Using Local Shader Compiler.
[2019.08.27-05.45.03:249][  0]LogDerivedDataCache: Display: Max Cache Size: 512 MB
[2019.08.27-05.45.03:334][  0]LogDerivedDataCache: Loaded boot cache 0.08s 74MB D:/Users/pedro.kle7771/AppData/Local/UnrealEngine/4.22/DerivedDataCache/Boot.ddc.
[2019.08.27-05.45.03:334][  0]LogDerivedDataCache: Display: Loaded Boot cache: D:/Users/pedro.kle7771/AppData/Local/UnrealEngine/4.22/DerivedDataCache/Boot.ddc
[2019.08.27-05.45.03:334][  0]LogDerivedDataCache: FDerivedDataBackendGraph:  Pak pak cache file D:/Users/pedro.kle7771/Desktop/MoonFlorist/MoonFlorist/DerivedDataCache/DDC.ddp not found, will not use a pak cache.
[2019.08.27-05.45.03:334][  0]LogDerivedDataCache: Unable to find inner node Pak for hierarchical cache Hierarchy.
[2019.08.27-05.45.03:334][  0]LogDerivedDataCache: FDerivedDataBackendGraph:  CompressedPak pak cache file D:/Users/pedro.kle7771/Desktop/MoonFlorist/MoonFlorist/DerivedDataCache/Compressed.ddp not found, will not use a pak cache.
[2019.08.27-05.45.03:334][  0]LogDerivedDataCache: Unable to find inner node CompressedPak for hierarchical cache Hierarchy.
[2019.08.27-05.45.03:346][  0]LogDerivedDataCache: Display: Pak cache opened for reading ../../../Engine/DerivedDataCache/Compressed.ddp.
[2019.08.27-05.45.03:346][  0]LogDerivedDataCache: FDerivedDataBackendGraph:  EnterprisePak pak cache file ../../../Enterprise/DerivedDataCache/Compressed.ddp not found, will not use a pak cache.
[2019.08.27-05.45.03:346][  0]LogDerivedDataCache: Unable to find inner node EnterprisePak for hierarchical cache Hierarchy.
[2019.08.27-05.45.03:358][  0]LogDerivedDataCache: Using Local data cache path D:/Users/pedro.kle7771/AppData/Local/UnrealEngine/Common/DerivedDataCache: Writable
[2019.08.27-05.45.03:358][  0]LogDerivedDataCache: Shared data cache path not found in *engine.ini, will not use an Shared cache.
[2019.08.27-05.45.03:358][  0]LogDerivedDataCache: Unable to find inner node Shared for hierarchical cache Hierarchy.
[2019.08.27-05.45.03:384][  0]LogMaterial: Verifying Global Shaders for PCD3D_SM5
[2019.08.27-05.45.03:385][  0]LogSlate: Using FreeType 2.6.0
[2019.08.27-05.45.03:386][  0]LogSlate: SlateFontServices - WITH_FREETYPE: 1, WITH_HARFBUZZ: 1
[2019.08.27-05.45.03:481][  0]LogAssetRegistry: FAssetRegistry took 0.0342 seconds to start up
[2019.08.27-05.45.03:870][  0]LogInit: Selected Device Profile: [Windows]
[2019.08.27-05.45.04:031][  0]LogMeshReduction: Using QuadricMeshReduction for automatic static mesh reduction
[2019.08.27-05.45.04:031][  0]LogMeshReduction: Using SimplygonMeshReduction for automatic skeletal mesh reduction
[2019.08.27-05.45.04:031][  0]LogMeshReduction: Using ProxyLODMeshReduction for automatic mesh merging
[2019.08.27-05.45.04:031][  0]LogMeshReduction: No distributed automatic mesh merging module available
[2019.08.27-05.45.04:031][  0]LogMeshMerging: No distributed automatic mesh merging module available
[2019.08.27-05.45.04:041][  0]LogNetVersion: MoonFlorist 1.0.0, NetCL: 5660361, EngineNetVer: 10, GameNetVer: 0 (Checksum: 3291226662)
[2019.08.27-05.45.04:541][  0]LogPackageLocalizationCache: Processed 10 localized package path(s) for 1 prioritized culture(s) in 0.078909 seconds
[2019.08.27-05.45.04:553][  0]LogUObjectArray: 42205 objects as part of root set at end of initial load.
[2019.08.27-05.45.04:553][  0]LogUObjectAllocator: 7325032 out of 0 bytes used by permanent object pool.
[2019.08.27-05.45.04:553][  0]LogUObjectArray: CloseDisregardForGC: 0/0 objects in disregard for GC pool
[2019.08.27-05.45.05:776][  0]LogSubstanceCoreModule: Substance [CPU] Engine Loaded, Max Texture Size = 2048
[2019.08.27-05.45.05:782][  0]LogTcpMessaging: Initializing TcpMessaging bridge
[2019.08.27-05.45.05:796][  0]LogUdpMessaging: Initializing bridge on interface 0.0.0.0:0 to multicast group 230.0.0.1:6666.
[2019.08.27-05.45.06:080][  0]SourceControl: Source control is disabled
[2019.08.27-05.45.06:080][  0]SourceControl: Source control is disabled
[2019.08.27-05.45.06:082][  0]SourceControl: Source control is disabled
[2019.08.27-05.45.06:083][  0]SourceControl: Source control is disabled
[2019.08.27-05.45.06:191][  0]LogAndroidPermission: UAndroidPermissionCallbackProxy::GetInstance
[2019.08.27-05.45.06:328][  0]LogOcInput: OculusInput pre-init called
[2019.08.27-05.45.07:134][  0]LogEngine: Initializing Engine...
[2019.08.27-05.45.07:134][  0]LogHMD: Failed to initialize OpenVR with code 110
[2019.08.27-05.45.07:135][  0]LogStats: UGameplayTagsManager::InitializeManager -  0.000 s
[2019.08.27-05.45.07:361][  0]LogInit: Initializing FReadOnlyCVARCache
[2019.08.27-05.45.07:382][  0]LogAIModule: Creating AISystem for world Untitled
[2019.08.27-05.45.07:419][  0]LogInit: XAudio2 using 'Speakers (Realtek High Definition Audio)' : 6 channels at 48 kHz using 32 bits per sample (channel mask 0x3f)
[2019.08.27-05.45.07:448][  0]LogInit: FAudioDevice initialized.
[2019.08.27-05.45.07:448][  0]LogNetVersion: Set ProjectVersion to 1.0.0.0. Version Checksum will be recalculated on next use.
[2019.08.27-05.45.07:601][  0]LogDerivedDataCache: Saved boot cache 0.15s 74MB D:/Users/pedro.kle7771/AppData/Local/UnrealEngine/4.22/DerivedDataCache/Boot.ddc.
[2019.08.27-05.45.07:613][  0]LogInit: Texture streaming: Enabled
[2019.08.27-05.45.07:640][  0]LogEngineSessionManager: EngineSessionManager initialized
[2019.08.27-05.45.07:671][  0]LogInit: Transaction tracking system initialized
[2019.08.27-05.45.07:719][  0]BlueprintLog: New page: Editor Load
[2019.08.27-05.45.07:854][  0]LocalizationService: Localization service is disabled
[2019.08.27-05.45.08:242][  0]LogFileCache: Scanning file cache for directory 'D:/Users/pedro.kle7771/Desktop/MoonFlorist/MoonFlorist/Content/' took 0.02s
[2019.08.27-05.45.08:243][  0]LogCook: Display: Max memory allowance for cook 16384mb min free memory 0mb
[2019.08.27-05.45.08:243][  0]LogCook: Display: Mobile HDR setting 1
[2019.08.27-05.45.08:497][  0]SourceControl: Source control is disabled
[2019.08.27-05.45.08:497][  0]Cmd: MAP LOAD FILE="D:/Users/pedro.kle7771/Desktop/MoonFlorist/MoonFlorist/Content/FirstPersonCPP/Maps/FirstPersonExampleMap.umap" TEMPLATE=0 SHOWPROGRESS=1 FEATURELEVEL=3
[2019.08.27-05.45.08:497][  0]LightingResults: New page: Lighting Build
[2019.08.27-05.45.08:501][  0]MapCheck: New page: Map Check
[2019.08.27-05.45.08:502][  0]LightingResults: New page: Lighting Build
[2019.08.27-05.45.08:531][  0]LogUObjectHash: Compacting FUObjectHashTables data took   2.42ms
[2019.08.27-05.45.08:632][  0]LogAIModule: Creating AISystem for world FirstPersonExampleMap
[2019.08.27-05.45.08:644][  0]LogEditorServer: Finished looking for orphan Actors (0.000 secs)
[2019.08.27-05.45.08:667][  0]LogUObjectHash: Compacting FUObjectHashTables data took   2.04ms
[2019.08.27-05.45.08:667][  0]Cmd: MAP CHECKDEP NOCLEARLOG
[2019.08.27-05.45.08:668][  0]MapCheck: Map check complete: 0 Error(s), 0 Warning(s), took 0.241ms to complete.
[2019.08.27-05.45.08:668][  0]LogFileHelpers: Loading map 'FirstPersonExampleMap' took 0.171
[2019.08.27-05.45.08:801][  0]LogSlate: Updating window title bar state: overlay mode, drag disabled, window buttons hidden, title bar hidden
[2019.08.27-05.45.08:809][  0]LogSlate: Updating window title bar state: overlay mode, drag disabled, window buttons hidden, title bar hidden
[2019.08.27-05.45.08:822][  0]LogSlate: Updating window title bar state: overlay mode, drag disabled, window buttons hidden, title bar hidden
[2019.08.27-05.45.08:829][  0]LogSlate: Updating window title bar state: overlay mode, drag disabled, window buttons hidden, title bar hidden
[2019.08.27-05.45.08:838][  0]LogCollectionManager: Loaded 0 collections in 0.003100 seconds
[2019.08.27-05.45.08:855][  0]LogFileCache: Scanning file cache for directory 'D:/Users/pedro.kle7771/Desktop/MoonFlorist/MoonFlorist/Saved/Collections/' took 0.01s
[2019.08.27-05.45.08:855][  0]LogFileCache: Scanning file cache for directory 'D:/Users/pedro.kle7771/Desktop/MoonFlorist/MoonFlorist/Content/Developers/pedrokle7771/Collections/' took 0.00s
[2019.08.27-05.45.08:856][  0]LogFileCache: Scanning file cache for directory 'D:/Users/pedro.kle7771/Desktop/MoonFlorist/MoonFlorist/Content/Collections/' took 0.00s
[2019.08.27-05.45.08:856][  0]LogCollectionManager: Rebuilt the GUID cache for 0 collections in 0.000000 seconds
[2019.08.27-05.45.08:865][  0]LogContentBrowser: Native class hierarchy populated in 0.0095 seconds. Added 2750 classes and 667 folders.
[2019.08.27-05.45.08:876][  0]LogContentBrowser: Native class hierarchy updated for 'WidgetCarousel' in 0.0004 seconds. Added 0 classes and 0 folders.
[2019.08.27-05.45.08:877][  0]LogPakFile: Registered encryption key '00000000000000000000000000000000': 0 pak files mounted, 0 remain pending
[2019.08.27-05.45.08:878][  0]LogPakFile: Registered encryption key '00000000000000000000000000000000': 0 pak files mounted, 0 remain pending
[2019.08.27-05.45.08:879][  0]LogPakFile: Registered encryption key '00000000000000000000000000000000': 0 pak files mounted, 0 remain pending
[2019.08.27-05.45.08:879][  0]LogPakFile: Registered encryption key '00000000000000000000000000000000': 0 pak files mounted, 0 remain pending
[2019.08.27-05.45.08:880][  0]LogPakFile: Registered encryption key '00000000000000000000000000000000': 0 pak files mounted, 0 remain pending
[2019.08.27-05.45.08:880][  0]LogPakFile: Registered encryption key '00000000000000000000000000000000': 0 pak files mounted, 0 remain pending
[2019.08.27-05.45.08:880][  0]LogPakFile: Registered encryption key '00000000000000000000000000000000': 0 pak files mounted, 0 remain pending
[2019.08.27-05.45.08:881][  0]LogPakFile: Registered encryption key '00000000000000000000000000000000': 0 pak files mounted, 0 remain pending
[2019.08.27-05.45.08:881][  0]LogPakFile: Registered encryption key '00000000000000000000000000000000': 0 pak files mounted, 0 remain pending
[2019.08.27-05.45.08:882][  0]LogPakFile: Registered encryption key '00000000000000000000000000000000': 0 pak files mounted, 0 remain pending
[2019.08.27-05.45.08:882][  0]LogPakFile: Registered encryption key '00000000000000000000000000000000': 0 pak files mounted, 0 remain pending
[2019.08.27-05.45.08:883][  0]LogPakFile: Registered encryption key '00000000000000000000000000000000': 0 pak files mounted, 0 remain pending
[2019.08.27-05.45.08:883][  0]LogPakFile: Registered encryption key '00000000000000000000000000000000': 0 pak files mounted, 0 remain pending
[2019.08.27-05.45.08:884][  0]LogPakFile: Registered encryption key '00000000000000000000000000000000': 0 pak files mounted, 0 remain pending
[2019.08.27-05.45.08:884][  0]LogPakFile: Registered encryption key '00000000000000000000000000000000': 0 pak files mounted, 0 remain pending
[2019.08.27-05.45.08:885][  0]LogPakFile: Registered encryption key '00000000000000000000000000000000': 0 pak files mounted, 0 remain pending
[2019.08.27-05.45.08:885][  0]LogPakFile: Registered encryption key '00000000000000000000000000000000': 0 pak files mounted, 0 remain pending
[2019.08.27-05.45.08:886][  0]LogPakFile: Registered encryption key '00000000000000000000000000000000': 0 pak files mounted, 0 remain pending
[2019.08.27-05.45.08:886][  0]LogPakFile: Registered encryption key '00000000000000000000000000000000': 0 pak files mounted, 0 remain pending
[2019.08.27-05.45.08:887][  0]LogPakFile: Registered encryption key '00000000000000000000000000000000': 0 pak files mounted, 0 remain pending
[2019.08.27-05.45.08:887][  0]LogPakFile: Registered encryption key '00000000000000000000000000000000': 0 pak files mounted, 0 remain pending
[2019.08.27-05.45.08:888][  0]LogPakFile: Registered encryption key '00000000000000000000000000000000': 0 pak files mounted, 0 remain pending
[2019.08.27-05.45.08:888][  0]LogPakFile: Registered encryption key '00000000000000000000000000000000': 0 pak files mounted, 0 remain pending
[2019.08.27-05.45.08:889][  0]LogPakFile: Registered encryption key '00000000000000000000000000000000': 0 pak files mounted, 0 remain pending
[2019.08.27-05.45.08:890][  0]LogPakFile: Registered encryption key '00000000000000000000000000000000': 0 pak files mounted, 0 remain pending
[2019.08.27-05.45.08:890][  0]LogPakFile: Registered encryption key '00000000000000000000000000000000': 0 pak files mounted, 0 remain pending
[2019.08.27-05.45.08:939][  0]LogContentBrowser: Native class hierarchy updated for 'AddContentDialog' in 0.0005 seconds. Added 0 classes and 0 folders.
[2019.08.27-05.45.08:949][  0]LogContentBrowser: Native class hierarchy updated for 'SceneOutliner' in 0.0008 seconds. Added 1 classes and 2 folders.
[2019.08.27-05.45.09:038][  0]LogSlate: Took 0.000198 seconds to synchronously load lazily loaded font '../../../Engine/Content/Slate/Fonts/Roboto-Regular.ttf' (155K)
[2019.08.27-05.45.09:041][  0]LogSlate: Took 0.000195 seconds to synchronously load lazily loaded font '../../../Engine/Content/Slate/Fonts/Roboto-Bold.ttf' (160K)
[2019.08.27-05.45.09:048][  0]LogSlate: Took 0.000182 seconds to synchronously load lazily loaded font '../../../Engine/Content/Editor/Slate/Fonts/FontAwesome.ttf' (139K)
[2019.08.27-05.45.09:134][  0]LogRenderer: Reallocating scene render targets to support 1108x708 Format 10 NumSamples 1 (Frame:1).
[2019.08.27-05.45.09:385][  0]LogContentBrowser: Native class hierarchy updated for 'HierarchicalLODOutliner' in 0.0004 seconds. Added 0 classes and 0 folders.
[2019.08.27-05.45.09:385][  0]LogLoad: (Engine Initialization) Total time: 11.28 seconds
[2019.08.27-05.45.09:385][  0]LogLoad: (Engine Initialization) Total Blueprint compile time: 0.00 seconds
[2019.08.27-05.45.09:395][  0]LogWindowsTextInputMethodSystem: Display: IME system now deactivated.
[2019.08.27-05.45.09:425][  0]LogAssetRegistry: Asset discovery search completed in 5.9659 seconds
[2019.08.27-05.45.09:427][  0]LogCollectionManager: Rebuilt the object cache for 0 collections in 0.000000 seconds (found 0 objects)
[2019.08.27-05.45.09:427][  0]LogCollectionManager: Fixed up redirectors for 0 collections in 0.000046 seconds (updated 0 objects)
[2019.08.27-05.45.09:428][  0]LogContentStreaming: Texture pool size now 1000 MB
[2019.08.27-05.45.09:459][  0]LogSlate: Took 0.000152 seconds to synchronously load lazily loaded font '../../../Engine/Content/Slate/Fonts/Roboto-Light.ttf' (167K)
[2019.08.27-05.46.48:984][643]LogSlate: Took 0.000315 seconds to synchronously load lazily loaded font '../../../Engine/Content/Slate/Fonts/Roboto-Light.ttf' (167K)
[2019.08.27-05.46.49:000][643]LogFactory: FactoryCreateFile: Texture with ReimportTextureFactory (0 0 D:\Documents\Allegorithmic\Substance Painter\export\T_Poster_BaseColor.png)
[2019.08.27-05.46.49:052][643]LogTexture: Display: Building textures: T_Poster_BaseColor (AutoDXT, 1024X1024)
[2019.08.27-05.46.49:475][643]LogSlate: FSceneViewport::OnFocusLost() reason 2
[2019.08.27-05.46.50:681][653]LogAssetEditorManager: Opening Asset editor for Texture2D /Game/T_Poster_BaseColor.T_Poster_BaseColor
[2019.08.27-05.46.50:690][653]LogContentBrowser: Native class hierarchy updated for 'TextureEditor' in 0.0008 seconds. Added 1 classes and 2 folders.
[2019.08.27-05.46.54:453][ 36]LogSlate: Window 'T_Poster_BaseColor' being destroyed
[2019.08.27-05.46.54:458][ 36]LogSlate: Window 'T_Poster_BaseColor' being destroyed
[2019.08.27-05.46.59:784][608]LogAIModule: Creating AISystem for world MainLevel
[2019.08.27-05.46.59:844][608]LogAssetEditorManager: Opening Asset editor for World /Game/Levels/MainLevel.MainLevel
[2019.08.27-05.46.59:873][608]LogUObjectHash: Compacting FUObjectHashTables data took   2.23ms
[2019.08.27-05.47.02:498][608]LogSlate: Window 'Save Content' being destroyed
[2019.08.27-05.47.02:522][608]Cmd: OBJ SAVEPACKAGE PACKAGE="/Game/T_Poster_BaseColor" FILE="D:/Users/pedro.kle7771/Desktop/MoonFlorist/MoonFlorist/Content/T_Poster_BaseColor.uasset" SILENT=true
[2019.08.27-05.47.02:637][608]LogSavePackage: Moving 'D:/Users/pedro.kle7771/Desktop/MoonFlorist/MoonFlorist/Saved/T_Poster_BaseColorF2DB29AA4F1C9DCCD2B3ED857F441B4D.tmp' to 'D:/Users/pedro.kle7771/Desktop/MoonFlorist/MoonFlorist/Content/T_Poster_BaseColor.uasset'
[2019.08.27-05.47.02:643][608]Cmd: MAP LOAD FILE="D:/Users/pedro.kle7771/Desktop/MoonFlorist/MoonFlorist/Content/Levels/MainLevel.umap" TEMPLATE=0 SHOWPROGRESS=1 FEATURELEVEL=3
[2019.08.27-05.47.02:643][608]LightingResults: New page: Lighting Build
[2019.08.27-05.47.02:644][608]LoadErrors: New page: Loading map: MainLevel.umap
[2019.08.27-05.47.02:645][608]MapCheck: New page: Map Check
[2019.08.27-05.47.02:645][608]LightingResults: New page: Lighting Build
[2019.08.27-05.47.02:667][608]LogUObjectHash: Compacting FUObjectHashTables data took   1.81ms
[2019.08.27-05.47.02:760][608]LogEditorServer: Finished looking for orphan Actors (0.000 secs)
[2019.08.27-05.47.02:786][608]LogUObjectHash: Compacting FUObjectHashTables data took   1.56ms
[2019.08.27-05.47.02:810][608]Cmd: MAP CHECKDEP NOCLEARLOG
[2019.08.27-05.47.02:810][608]MapCheck: Map check complete: 0 Error(s), 0 Warning(s), took 0.154ms to complete.
[2019.08.27-05.47.02:811][608]LogFileHelpers: Loading map 'MainLevel' took 0.168
[2019.08.27-05.47.06:405][829]LogEditorViewport: Clicking on Actor (LMB): StaticMeshActor (SpaceStation_Poster)
[2019.08.27-05.47.08:699][943]LogSlate: FSceneViewport::OnFocusLost() reason 0
[2019.08.27-05.47.21:666][381]LogMaterial: Display: Missing cached shader map for material M_MasterCutout, compiling. 
[2019.08.27-05.47.23:012][427]LogAssetEditorManager: Opening Asset editor for Material /Game/Materials/M_MasterCutout.M_MasterCutout
[2019.08.27-05.47.23:017][427]LogMaterial: Display: Missing cached shader map for material M_MasterCutout, compiling. 
[2019.08.27-05.47.23:037][427]LogShaderCompilers: Display: Shaders left to compile 20
[2019.08.27-05.47.23:507][427]LogMaterial: Display: Missing cached shader map for material M_MasterCutout, compiling. 
[2019.08.27-05.47.23:649][427]LogMaterial: Display: Missing cached shader map for material M_MasterCutout, compiling. 
[2019.08.27-05.47.23:708][427]LogMaterial: Display: Missing cached shader map for material FMatExpressionPreview MaterialExpressionTextureSampleParameter2D_2, compiling. 
[2019.08.27-05.47.23:767][427]LogMaterial: Display: Missing cached shader map for material FMatExpressionPreview MaterialExpressionTextureSampleParameter2D_0, compiling. 
[2019.08.27-05.47.23:780][427]LogMaterial: Display: Missing cached shader map for material FMatExpressionPreview MaterialExpressionTextureSampleParameter2D_1, compiling. 
[2019.08.27-05.47.23:837][427]LogSlate: Took 0.000185 seconds to synchronously load lazily loaded font '../../../Engine/Content/Slate/Fonts/Roboto-BoldCondensed.ttf' (158K)
[2019.08.27-05.47.24:462][430]LogSlate: Took 0.000294 seconds to synchronously load lazily loaded font '../../../Engine/Content/Slate/Fonts/Roboto-Italic.ttf' (157K)
[2019.08.27-05.47.24:893][439]LogShaderCompilers: Display: Shaders left to compile 20
[2019.08.27-05.47.26:890][515]LogShaderCompilers: Display: Shaders left to compile 10
[2019.08.27-05.47.27:622][541]LogMaterial: Display: Missing cached shader map for material M_MasterCutout, compiling. 
[2019.08.27-05.47.28:522][584]LogShaderCompilers: Display: Shaders left to compile 20
[2019.08.27-05.47.29:247][623]LogShaderCompilers: Display: Shaders left to compile 10
[2019.08.27-05.47.29:834][653]LogMaterial: Display: Missing cached shader map for material M_MasterCutout, compiling. 
[2019.08.27-05.47.29:894][653]LogMaterial: Display: Missing cached shader map for material M_MasterCutout, compiling. 
[2019.08.27-05.47.29:919][653]LogMaterial: Display: Missing cached shader map for material M_MasterCutout, compiling. 
[2019.08.27-05.47.30:143][660]LogShaderCompilers: Display: Shaders left to compile 20
[2019.08.27-05.47.31:330][702]LogShaderCompilers: Display: Shaders left to compile 10
[2019.08.27-05.47.33:306][779]LogMaterial: Display: Missing cached shader map for material M_MasterCutout, compiling. 
[2019.08.27-05.47.33:335][779]LogMaterial: Display: Missing cached shader map for material FMatExpressionPreview MaterialExpressionTextureSampleParameter2D_0, compiling. 
[2019.08.27-05.47.33:393][779]LogMaterial: Display: Missing cached shader map for material FMatExpressionPreview MaterialExpressionTextureSampleParameter2D_3, compiling. 
[2019.08.27-05.47.33:824][795]LogShaderCompilers: Display: Shaders left to compile 20
[2019.08.27-05.47.35:045][844]LogShaderCompilers: Display: Shaders left to compile 10
[2019.08.27-05.47.35:929][886]LogMaterial: Display: Missing cached shader map for material M_MasterCutout, compiling. 
[2019.08.27-05.47.36:020][886]LogMaterial: Display: Missing cached shader map for material FMatExpressionPreview MaterialExpressionTextureSampleParameter2D_3, compiling. 
[2019.08.27-05.47.36:712][912]LogShaderCompilers: Display: Shaders left to compile 40
[2019.08.27-05.47.37:575][955]LogShaderCompilers: Display: Shaders left to compile 30
[2019.08.27-05.47.38:477][986]LogShaderCompilers: Display: Shaders left to compile 20
[2019.08.27-05.47.39:583][ 62]LogShaderCompilers: Display: Shaders left to compile 10
[2019.08.27-05.47.41:001][209]MaterialEditorStats: Base pass shader: 121 instructions
[2019.08.27-05.47.41:001][209]MaterialEditorStats: Base pass shader with Volumetric Lightmap: 199 instructions
[2019.08.27-05.47.41:001][209]MaterialEditorStats: Base pass vertex shader: 51 instructions
[2019.08.27-05.47.41:001][209]MaterialEditorStats: Texture samplers: 6/16
[2019.08.27-05.47.41:001][209]MaterialEditorStats: Texture Lookups (Est.): VS(0), PS(4)
[2019.08.27-05.47.41:001][209]MaterialEditorStats: User interpolators: 2/4 Scalars (1/4 Vectors) (TexCoords: 2, Custom: 0)
[2019.08.27-05.49.51:699][595]LogSlate: Window 'Message' being destroyed
[2019.08.27-05.49.51:726][595]LogUObjectHash: Compacting FUObjectHashTables data took   1.87ms
[2019.08.27-05.49.53:233][595]LogSlate: Window 'Save Content' being destroyed
[2019.08.27-05.49.53:291][595]LogSlate: Window 'M_MasterCutout' being destroyed
[2019.08.27-05.49.53:398][595]LogSlate: Window 'MoonFlorist - Unreal Editor' being destroyed
[2019.08.27-05.49.53:596][596]Cmd: QUIT_EDITOR
[2019.08.27-05.49.53:616][596]LogWindowsTextInputMethodSystem: Display: IME system now deactivated.
[2019.08.27-05.49.53:629][596]LogExit: Preparing to exit.
[2019.08.27-05.49.54:014][596]LogExit: Editor shut down
[2019.08.27-05.49.54:014][596]LogExit: Transaction tracking system shut down
[2019.08.27-05.49.54:256][596]LogExit: Object subsystem successfully closed.
[2019.08.27-05.49.54:279][596]LogShaderCompilers: Display: Shaders left to compile 0
[2019.08.27-05.49.54:290][596]LogD3D11RHI: Shutdown
[2019.08.27-05.49.54:290][596]LogD3D11RHI: CleanupD3DDevice
[2019.08.27-05.49.54:290][596]LogRendererCore: FGlobalReadBuffer::ReleaseRHI
[2019.08.27-05.49.54:290][596]LogRendererCore: FGlobalDynamicReadBuffer::Cleanup()
[2019.08.27-05.49.54:290][596]LogRendererCore: FGlobalReadBuffer::ReleaseRHI
[2019.08.27-05.49.54:290][596]LogRendererCore: FGlobalDynamicReadBuffer::Cleanup()
[2019.08.27-05.49.54:291][596]LogRendererCore: FGlobalReadBuffer::ReleaseRHI
[2019.08.27-05.49.54:291][596]LogRendererCore: FGlobalDynamicReadBuffer::Cleanup()
[2019.08.27-05.49.54:524][596]LogD3D11RHI: ~FD3D11DynamicRHI
[2019.08.27-05.49.54:570][596]LogModuleManager: Shutting down and abandoning module TextureEditor (654)
[2019.08.27-05.49.54:570][596]LogModuleManager: Shutting down and abandoning module HierarchicalLODOutliner (652)
[2019.08.27-05.49.54:570][596]LogModuleManager: Shutting down and abandoning module SceneOutliner (650)
[2019.08.27-05.49.54:570][596]LogModuleManager: Shutting down and abandoning module AddContentDialog (648)
[2019.08.27-05.49.54:570][596]LogModuleManager: Shutting down and abandoning module WidgetCarousel (647)
[2019.08.27-05.49.54:570][596]LogModuleManager: Shutting down and abandoning module EditorWidgets (644)
[2019.08.27-05.49.54:570][596]LogModuleManager: Shutting down and abandoning module CollectionManager (642)
[2019.08.27-05.49.54:571][596]LogModuleManager: Shutting down and abandoning module StatsViewer (640)
[2019.08.27-05.49.54:571][596]LogModuleManager: Shutting down and abandoning module FoliageEdit (638)
[2019.08.27-05.49.54:571][596]LogModuleManager: Shutting down and abandoning module LandscapeEditor (636)
[2019.08.27-05.49.54:571][596]LogModuleManager: Shutting down and abandoning module MeshPaintMode (634)
[2019.08.27-05.49.54:571][596]LogModuleManager: Shutting down and abandoning module SceneDepthPickerMode (632)
[2019.08.27-05.49.54:571][596]LogModuleManager: Shutting down and abandoning module ActorPickerMode (630)
[2019.08.27-05.49.54:571][596]LogModuleManager: Shutting down and abandoning module GeometryMode (628)
[2019.08.27-05.49.54:571][596]LogModuleManager: Shutting down and abandoning module TextureAlignMode (626)
[2019.08.27-05.49.54:571][596]LogModuleManager: Shutting down and abandoning module BspMode (624)
[2019.08.27-05.49.54:571][596]LogModuleManager: Shutting down and abandoning module PIEPreviewDeviceProfileSelector (622)
[2019.08.27-05.49.54:571][596]LogModuleManager: Shutting down and abandoning module SequenceRecorderSections (620)
[2019.08.27-05.49.54:571][596]LogModuleManager: Shutting down and abandoning module AutomationWorker (618)
[2019.08.27-05.49.54:571][596]LogModuleManager: Shutting down and abandoning module OculusMR (616)
[2019.08.27-05.49.54:571][596]LogModuleManager: Shutting down and abandoning module AudioCaptureEditor (614)
[2019.08.27-05.49.54:571][596]LogModuleManager: Shutting down and abandoning module MatineeToLevelSequence (612)
[2019.08.27-05.49.54:571][596]LogModuleManager: Shutting down and abandoning module LevelSequenceEditor (610)
[2019.08.27-05.49.54:571][596]LogModuleManager: Shutting down and abandoning module PlacementMode (609)
[2019.08.27-05.49.54:571][596]LogModuleManager: Shutting down and abandoning module MaterialEditor (608)
[2019.08.27-05.49.54:571][596]LogModuleManager: Shutting down and abandoning module ActorSequenceEditor (604)
[2019.08.27-05.49.54:571][596]LogModuleManager: Shutting down and abandoning module WmfMediaFactory (602)
[2019.08.27-05.49.54:571][596]LogModuleManager: Shutting down and abandoning module WmfMediaEditor (600)
[2019.08.27-05.49.54:571][596]LogModuleManager: Shutting down and abandoning module WebMMediaFactory (598)
[2019.08.27-05.49.54:571][596]LogModuleManager: Shutting down and abandoning module WebMMediaEditor (596)
[2019.08.27-05.49.54:571][596]LogModuleManager: Shutting down and abandoning module WebMMedia (594)
[2019.08.27-05.49.54:571][596]LogModuleManager: Shutting down and abandoning module MediaPlayerEditor (592)
[2019.08.27-05.49.54:571][596]LogModuleManager: Shutting down and abandoning module MediaCompositingEditor (590)
[2019.08.27-05.49.54:571][596]LogModuleManager: Shutting down and abandoning module SequenceRecorder (589)
[2019.08.27-05.49.54:572][596]LogModuleManager: Shutting down and abandoning module OpenExrWrapper (586)
[2019.08.27-05.49.54:572][596]LogModuleManager: Shutting down and abandoning module ImgMediaFactory (584)
[2019.08.27-05.49.54:572][596]LogModuleManager: Shutting down and abandoning module ImgMediaEditor (582)
[2019.08.27-05.49.54:572][596]LogModuleManager: Shutting down and abandoning module AvfMediaFactory (580)
[2019.08.27-05.49.54:572][596]LogModuleManager: Shutting down and abandoning module AvfMediaEditor (578)
[2019.08.27-05.49.54:572][596]LogModuleManager: Shutting down and abandoning module AndroidMediaFactory (576)
[2019.08.27-05.49.54:572][596]LogModuleManager: Shutting down and abandoning module AndroidMediaEditor (574)
[2019.08.27-05.49.54:572][596]LogModuleManager: Shutting down and abandoning module MagicLeapCameraPreviewFactory (572)
[2019.08.27-05.49.54:572][596]LogModuleManager: Shutting down and abandoning module MagicLeapMediaCodecFactory (570)
[2019.08.27-05.49.54:572][596]LogModuleManager: Shutting down and abandoning module MagicLeapMediaFactory (568)
[2019.08.27-05.49.54:572][596]LogModuleManager: Shutting down and abandoning module MagicLeapMediaEditor (566)
[2019.08.27-05.49.54:572][596]LogModuleManager: Shutting down and abandoning module CharacterAI (564)
[2019.08.27-05.49.54:572][596]LogModuleManager: Shutting down and abandoning module SmartSnapping (562)
[2019.08.27-05.49.54:572][596]LogModuleManager: Shutting down and abandoning module SessionServices (560)
[2019.08.27-05.49.54:572][596]LogModuleManager: Shutting down and abandoning module MeshPaint (558)
[2019.08.27-05.49.54:572][596]LogModuleManager: Shutting down and abandoning module ViewportSnapping (556)
[2019.08.27-05.49.54:572][596]LogModuleManager: Shutting down and abandoning module ViewportInteraction (554)
[2019.08.27-05.49.54:572][596]LogModuleManager: Shutting down and abandoning module ClothPainter (552)
[2019.08.27-05.49.54:572][596]LogModuleManager: Shutting down and abandoning module SkeletalMeshEditor (551)
[2019.08.27-05.49.54:572][596]LogModuleManager: Shutting down and abandoning module LogVisualizer (548)
[2019.08.27-05.49.54:572][596]LogModuleManager: Shutting down and abandoning module IntroTutorials (546)
[2019.08.27-05.49.54:572][596]LogModuleManager: Shutting down and abandoning module GameProjectGeneration (545)
[2019.08.27-05.49.54:572][596]LogModuleManager: Shutting down and abandoning module LuminPlatformEditor (542)
[2019.08.27-05.49.54:572][596]LogModuleManager: Shutting down and abandoning module IOSPlatformEditor (540)
[2019.08.27-05.49.54:572][596]LogModuleManager: Shutting down and abandoning module HTML5PlatformEditor (538)
[2019.08.27-05.49.54:572][596]LogModuleManager: Shutting down and abandoning module AndroidPlatformEditor (536)
[2019.08.27-05.49.54:572][596]LogModuleManager: Shutting down and abandoning module AndroidDeviceDetection (535)
[2019.08.27-05.49.55:114][596]LogModuleManager: Shutting down and abandoning module WindowsPlatformEditor (532)
[2019.08.27-05.49.55:114][596]LogModuleManager: Shutting down and abandoning module LuminRuntimeSettings (530)
[2019.08.27-05.49.55:114][596]LogModuleManager: Shutting down and abandoning module IOSRuntimeSettings (528)
[2019.08.27-05.49.55:114][596]LogModuleManager: Shutting down and abandoning module AndroidRuntimeSettings (526)
[2019.08.27-05.49.55:114][596]LogModuleManager: Shutting down and abandoning module TimeManagementEditor (524)
[2019.08.27-05.49.55:114][596]LogModuleManager: Shutting down and abandoning module InputBindingEditor (522)
[2019.08.27-05.49.55:114][596]LogModuleManager: Shutting down and abandoning module MergeActors (520)
[2019.08.27-05.49.55:114][596]LogModuleManager: Shutting down and abandoning module LocalizationDashboard (518)
[2019.08.27-05.49.55:114][596]LogModuleManager: Shutting down and abandoning module LocalizationService (517)
[2019.08.27-05.49.55:114][596]LogModuleManager: Shutting down and abandoning module HardwareTargeting (514)
[2019.08.27-05.49.55:114][596]LogModuleManager: Shutting down and abandoning module DeviceProfileEditor (512)
[2019.08.27-05.49.55:114][596]LogModuleManager: Shutting down and abandoning module UndoHistory (510)
[2019.08.27-05.49.55:114][596]LogModuleManager: Shutting down and abandoning module XmlParser (508)
[2019.08.27-05.49.55:114][596]LogModuleManager: Shutting down and abandoning module Blutility (506)
[2019.08.27-05.49.55:114][596]LogModuleManager: Shutting down and abandoning module ProjectSettingsViewer (504)
[2019.08.27-05.49.55:114][596]LogModuleManager: Shutting down and abandoning module ProjectTargetPlatformEditor (503)
[2019.08.27-05.49.55:114][596]LogModuleManager: Shutting down and abandoning module EditorSettingsViewer (500)
[2019.08.27-05.49.55:114][596]LogModuleManager: Shutting down and abandoning module SettingsEditor (498)
[2019.08.27-05.49.55:114][596]LogModuleManager: Shutting down and abandoning module ProjectLauncher (496)
[2019.08.27-05.49.55:114][596]LogModuleManager: Shutting down and abandoning module SessionFrontend (494)
[2019.08.27-05.49.55:114][596]LogModuleManager: Shutting down and abandoning module ProfilerClient (492)
[2019.08.27-05.49.55:114][596]LogModuleManager: Shutting down and abandoning module DeviceManager (490)
[2019.08.27-05.49.55:114][596]LogModuleManager: Shutting down and abandoning module TargetDeviceServices (489)
[2019.08.27-05.49.55:158][596]LogModuleManager: Shutting down and abandoning module AutomationController (486)
[2019.08.27-05.49.55:158][596]LogModuleManager: Shutting down and abandoning module AutomationWindow (484)
[2019.08.27-05.49.55:158][596]LogModuleManager: Shutting down and abandoning module Layers (482)
[2019.08.27-05.49.55:158][596]LogModuleManager: Shutting down and abandoning module ComponentVisualizers (480)
[2019.08.27-05.49.55:158][596]LogModuleManager: Shutting down and abandoning module DetailCustomizations (478)
[2019.08.27-05.49.55:158][596]LogModuleManager: Shutting down and abandoning module PackagesDialog (476)
[2019.08.27-05.49.55:158][596]LogModuleManager: Shutting down and abandoning module AnimationBlueprintEditor (474)
[2019.08.27-05.49.55:158][596]LogModuleManager: Shutting down and abandoning module Persona (472)
[2019.08.27-05.49.55:158][596]LogModuleManager: Shutting down and abandoning module AdvancedPreviewScene (471)
[2019.08.27-05.49.55:158][596]LogModuleManager: Shutting down and abandoning module AnimGraph (469)
[2019.08.27-05.49.55:158][596]LogModuleManager: Shutting down and abandoning module Kismet (466)
[2019.08.27-05.49.55:158][596]LogModuleManager: Shutting down and abandoning module GraphEditor (464)
[2019.08.27-05.49.55:158][596]LogModuleManager: Shutting down and abandoning module ClassViewer (462)
[2019.08.27-05.49.55:158][596]LogModuleManager: Shutting down and abandoning module Toolbox (460)
[2019.08.27-05.49.55:158][596]LogModuleManager: Shutting down and abandoning module DesktopPlatform (459)
[2019.08.27-05.49.55:158][596]LogModuleManager: Shutting down and abandoning module ModuleUI (456)
[2019.08.27-05.49.55:159][596]LogModuleManager: Shutting down and abandoning module MovieSceneTools (454)
[2019.08.27-05.49.55:159][596]LogModuleManager: Shutting down and abandoning module OutputLog (452)
[2019.08.27-05.49.55:159][596]LogModuleManager: Shutting down and abandoning module GammaUI (450)
[2019.08.27-05.49.55:159][596]LogModuleManager: Shutting down and abandoning module Documentation (448)
[2019.08.27-05.49.55:159][596]LogModuleManager: Shutting down and abandoning module LiveCoding (446)
[2019.08.27-05.49.55:159][596]LogModuleManager: Shutting down and abandoning module LevelSequence (444)
[2019.08.27-05.49.55:159][596]LogModuleManager: Shutting down and abandoning module MovieSceneTracks (442)
[2019.08.27-05.49.55:159][596]LogModuleManager: Shutting down and abandoning module MovieScene (440)
[2019.08.27-05.49.55:159][596]LogModuleManager: Shutting down and abandoning module StreamingPauseRendering (438)
[2019.08.27-05.49.55:159][596]LogModuleManager: Shutting down and abandoning module LauncherPlatform (436)
[2019.08.27-05.49.55:159][596]LogModuleManager: Shutting down and abandoning module AnalyticsET (434)
[2019.08.27-05.49.55:159][596]LogModuleManager: Shutting down and abandoning module PortalServices (432)
[2019.08.27-05.49.55:159][596]LogModuleManager: Shutting down and abandoning module PortalRpc (430)
[2019.08.27-05.49.55:159][596]LogModuleManager: Shutting down and abandoning module MessagingRpc (428)
[2019.08.27-05.49.55:159][596]LogModuleManager: Shutting down and abandoning module AIModule (426)
[2019.08.27-05.49.55:159][596]LogModuleManager: Shutting down and abandoning module GameplayDebugger (425)
[2019.08.27-05.49.55:159][596]LogModuleManager: Shutting down and abandoning module AITestSuite (423)
[2019.08.27-05.49.55:159][596]LogModuleManager: Shutting down and abandoning module NavigationSystem (421)
[2019.08.27-05.49.55:159][596]LogModuleManager: Shutting down and abandoning module ImageWriteQueue (418)
[2019.08.27-05.49.55:162][596]LogModuleManager: Shutting down and abandoning module ProfilerService (416)
[2019.08.27-05.49.55:166][596]LogModuleManager: Shutting down and abandoning module TaskGraph (414)
[2019.08.27-05.49.55:166][596]LogModuleManager: Shutting down and abandoning module SubstanceLiveLink (412)
[2019.08.27-05.49.55:166][596]LogModuleManager: Shutting down and abandoning module SubstanceSource (410)
[2019.08.27-05.49.55:166][596]LogModuleManager: Shutting down and abandoning module SubstanceEditor (408)
[2019.08.27-05.49.55:166][596]LogModuleManager: Shutting down and abandoning module SteamVRController (406)
[2019.08.27-05.49.55:166][596]LogModuleManager: Shutting down and abandoning module ProceduralMeshComponentEditor (404)
[2019.08.27-05.49.55:166][596]LogModuleManager: Shutting down and abandoning module ProceduralMeshComponent (402)
[2019.08.27-05.49.55:167][596]LogModuleManager: Shutting down and abandoning module OculusEditor (400)
[2019.08.27-05.49.55:167][596]LogModuleManager: Shutting down and abandoning module OculusInput (398)
[2019.08.27-05.49.55:167][596]LogModuleManager: Shutting down and abandoning module MobilePatchingUtils (396)
[2019.08.27-05.49.55:167][596]LogModuleManager: Shutting down and abandoning module EditableMesh (394)
[2019.08.27-05.49.55:167][596]LogModuleManager: Shutting down and abandoning module CustomMeshComponent (392)
[2019.08.27-05.49.55:167][596]LogModuleManager: Shutting down and abandoning module CableComponent (390)
[2019.08.27-05.49.55:167][596]LogModuleManager: Shutting down and abandoning module AudioCapture (388)
[2019.08.27-05.49.55:167][596]LogModuleManager: Shutting down and abandoning module ArchVisCharacter (386)
[2019.08.27-05.49.55:167][596]LogModuleManager: Shutting down and abandoning module AndroidPermission (384)
[2019.08.27-05.49.55:167][596]LogModuleManager: Shutting down and abandoning module NUTUnrealEngine4 (382)
[2019.08.27-05.49.55:167][596]LogModuleManager: Shutting down and abandoning module NetcodeUnitTest (380)
[2019.08.27-05.49.55:167][596]LogModuleManager: Shutting down and abandoning module MediaCompositing (378)
[2019.08.27-05.49.55:167][596]LogModuleManager: Shutting down and abandoning module LinearTimecode (376)
[2019.08.27-05.49.55:167][596]LogModuleManager: Shutting down and abandoning module ImgMedia (374)
[2019.08.27-05.49.55:167][596]LogModuleManager: Shutting down and abandoning module MagicLeapHelperVulkan (372)
[2019.08.27-05.49.55:167][596]LogModuleManager: Shutting down and abandoning module MagicLeapHelperOpenGL (370)
[2019.08.27-05.49.55:167][596]LogModuleManager: Shutting down and abandoning module MagicLeapAudio (368)
[2019.08.27-05.49.55:167][596]LogModuleManager: Shutting down and abandoning module HTML5Networking (366)
[2019.08.27-05.49.55:167][596]LogModuleManager: Shutting down and abandoning module GeometryCacheTracks (364)
[2019.08.27-05.49.55:167][596]LogModuleManager: Shutting down and abandoning module GeometryCacheSequencer (362)
[2019.08.27-05.49.55:167][596]LogModuleManager: Shutting down and abandoning module BackChannel (360)
[2019.08.27-05.49.55:167][596]LogModuleManager: Shutting down and abandoning module AppleVision (358)
[2019.08.27-05.49.55:167][596]LogModuleManager: Shutting down and abandoning module AppleImageUtilsBlueprintSupport (356)
[2019.08.27-05.49.55:167][596]LogModuleManager: Shutting down and abandoning module AppleImageUtils (354)
[2019.08.27-05.49.55:167][596]LogModuleManager: Shutting down and abandoning module AlembicImporter (352)
[2019.08.27-05.49.55:167][596]LogModuleManager: Shutting down and abandoning module AlembicLibrary (351)
[2019.08.27-05.49.55:167][596]LogModuleManager: Shutting down and abandoning module GeometryCache (350)
[2019.08.27-05.49.55:167][596]LogModuleManager: Shutting down and abandoning module GeometryCacheEd (349)
[2019.08.27-05.49.55:167][596]LogModuleManager: Shutting down and abandoning module VariantManagerContent (344)
[2019.08.27-05.49.55:167][596]LogModuleManager: Shutting down and abandoning module DatasmithContentEditor (342)
[2019.08.27-05.49.55:167][596]LogModuleManager: Shutting down and abandoning module SpeedTreeImporter (340)
[2019.08.27-05.49.55:167][596]LogModuleManager: Shutting down and abandoning module PluginBrowser (338)
[2019.08.27-05.49.55:167][596]LogModuleManager: Shutting down and abandoning module MobileLauncherProfileWizard (336)
[2019.08.27-05.49.55:167][596]LogModuleManager: Shutting down and abandoning module MaterialAnalyzer (334)
[2019.08.27-05.49.55:167][596]LogModuleManager: Shutting down and abandoning module CryptoKeysOpenSSL (332)
[2019.08.27-05.49.55:167][596]LogModuleManager: Shutting down and abandoning module CryptoKeys (330)
[2019.08.27-05.49.55:167][596]LogModuleManager: Shutting down and abandoning module VisualStudioSourceCodeAccess (328)
[2019.08.27-05.49.55:167][596]LogModuleManager: Shutting down and abandoning module VisualStudioCodeSourceCodeAccess (326)
[2019.08.27-05.49.55:167][596]LogModuleManager: Shutting down and abandoning module UObjectPlugin (324)
[2019.08.27-05.49.55:167][596]LogModuleManager: Shutting down and abandoning module SubversionSourceControl (322)
[2019.08.27-05.49.55:167][596]LogModuleManager: Shutting down and abandoning module PerforceSourceControl (320)
[2019.08.27-05.49.55:167][596]LogModuleManager: Shutting down and abandoning module GitSourceControl (318)
[2019.08.27-05.49.55:167][596]LogModuleManager: Shutting down and abandoning module SourceControl (317)
[2019.08.27-05.49.55:167][596]LogModuleManager: Shutting down and abandoning module CLionSourceCodeAccess (314)
[2019.08.27-05.49.55:168][596]LogModuleManager: Shutting down and abandoning module AnimationSharingEd (312)
[2019.08.27-05.49.55:168][596]LogModuleManager: Shutting down and abandoning module ActorLayerUtilitiesEditor (310)
[2019.08.27-05.49.55:168][596]LogModuleManager: Shutting down and abandoning module ActorLayerUtilities (308)
[2019.08.27-05.49.55:168][596]LogModuleManager: Shutting down and abandoning module LightPropagationVolumeEditor (306)
[2019.08.27-05.49.55:168][596]LogModuleManager: Shutting down and abandoning module PaperTiledImporter (304)
[2019.08.27-05.49.55:168][596]LogModuleManager: Shutting down and abandoning module PaperSpriteSheetImporter (302)
[2019.08.27-05.49.55:168][596]LogModuleManager: Shutting down and abandoning module Paper2DEditor (300)
[2019.08.27-05.49.55:168][596]LogModuleManager: Shutting down and abandoning module MoonFlorist (298)
[2019.08.27-05.49.55:168][596]LogModuleManager: Shutting down and abandoning module SignificanceManager (296)
[2019.08.27-05.49.55:168][596]LogModuleManager: Shutting down and abandoning module RuntimePhysXCooking (294)
[2019.08.27-05.49.55:168][596]LogModuleManager: Shutting down and abandoning module PhysXVehiclesEditor (292)
[2019.08.27-05.49.55:168][596]LogModuleManager: Shutting down and abandoning module PhysXVehicles (290)
[2019.08.27-05.49.55:168][596]LogModuleManager: Shutting down and abandoning module LocationServicesBPLibrary (288)
[2019.08.27-05.49.55:168][596]LogModuleManager: Shutting down and abandoning module ActorSequence (286)
[2019.08.27-05.49.55:168][596]LogModuleManager: Shutting down and abandoning module UdpMessaging (284)
[2019.08.27-05.49.55:269][596]LogModuleManager: Shutting down and abandoning module TcpMessaging (282)
[2019.08.27-05.49.55:370][596]LogModuleManager: Shutting down and abandoning module SubstanceCore (280)
[2019.08.27-05.49.55:370][596]LogModuleManager: Shutting down and abandoning module MagicLeapIdentity (278)
[2019.08.27-05.49.55:370][596]LogModuleManager: Shutting down and abandoning module MagicLeapSecureStorage (276)
[2019.08.27-05.49.55:370][596]LogModuleManager: Shutting down and abandoning module MagicLeapHandTracking (274)
[2019.08.27-05.49.55:370][596]LogModuleManager: Shutting down and abandoning module MagicLeapEyeTracker (272)
[2019.08.27-05.49.55:370][596]LogModuleManager: Shutting down and abandoning module MagicLeapController (270)
[2019.08.27-05.49.55:370][596]LogSlate: Slate User Destroyed.  User Index 0, Is Virtual User: 0
[2019.08.27-05.49.55:371][596]LogModuleManager: Shutting down and abandoning module MagicLeapAR (268)
[2019.08.27-05.49.55:371][596]LogModuleManager: Shutting down and abandoning module AugmentedReality (267)
[2019.08.27-05.49.55:371][596]LogModuleManager: Shutting down and abandoning module GameplayTagsEditor (264)
[2019.08.27-05.49.55:371][596]LogModuleManager: Shutting down and abandoning module FacialAnimationEditor (262)
[2019.08.27-05.49.55:371][596]LogModuleManager: Shutting down and abandoning module FacialAnimation (260)
[2019.08.27-05.49.55:371][596]LogModuleManager: Shutting down and abandoning module DataValidation (258)
[2019.08.27-05.49.55:371][596]LogModuleManager: Shutting down and abandoning module AssetManagerEditor (256)
[2019.08.27-05.49.55:371][596]LogModuleManager: Shutting down and abandoning module LevelEditor (255)
[2019.08.27-05.49.55:371][596]LogModuleManager: Shutting down and abandoning module PixelInspectorModule (254)
[2019.08.27-05.49.55:371][596]LogModuleManager: Shutting down and abandoning module CommonMenuExtensions (252)
[2019.08.27-05.49.55:372][596]LogModuleManager: Shutting down and abandoning module MainFrame (250)
[2019.08.27-05.49.55:372][596]LogModuleManager: Shutting down and abandoning module HotReload (249)
[2019.08.27-05.49.55:372][596]LogModuleManager: Shutting down and abandoning module ContentBrowser (245)
[2019.08.27-05.49.55:373][596]LogModuleManager: Shutting down and abandoning module TreeMap (243)
[2019.08.27-05.49.55:373][596]LogModuleManager: Shutting down and abandoning module AnimationSharing (240)
[2019.08.27-05.49.55:373][596]LogModuleManager: Shutting down and abandoning module LightPropagationVolumeRuntime (238)
[2019.08.27-05.49.55:373][596]LogModuleManager: Shutting down and abandoning module AISupportModule (236)
[2019.08.27-05.49.55:373][596]LogModuleManager: Shutting down and abandoning module Paper2D (234)
[2019.08.27-05.49.55:373][596]LogModuleManager: Shutting down and abandoning module WindowsMoviePlayer (232)
[2019.08.27-05.49.55:373][596]LogModuleManager: Shutting down and abandoning module WebMMoviePlayer (230)
[2019.08.27-05.49.55:373][596]LogModuleManager: Shutting down and abandoning module PacketHandler (228)
[2019.08.27-05.49.55:373][596]LogModuleManager: Shutting down and abandoning module ClothingSystemEditor (226)
[2019.08.27-05.49.55:373][596]LogModuleManager: Shutting down and abandoning module ClothingSystemRuntime (224)
[2019.08.27-05.49.55:373][596]LogModuleManager: Shutting down and abandoning module MediaAssets (222)
[2019.08.27-05.49.55:373][596]LogModuleManager: Shutting down and abandoning module Overlay (220)
[2019.08.27-05.49.55:373][596]LogModuleManager: Shutting down and abandoning module OverlayEditor (219)
[2019.08.27-05.49.55:373][596]LogModuleManager: Shutting down and abandoning module VREditor (216)
[2019.08.27-05.49.55:373][596]LogModuleManager: Shutting down and abandoning module StringTableEditor (214)
[2019.08.27-05.49.55:373][596]LogModuleManager: Shutting down and abandoning module GameplayTasksEditor (212)
[2019.08.27-05.49.55:374][596]LogModuleManager: Shutting down and abandoning module BehaviorTreeEditor (210)
[2019.08.27-05.49.55:374][596]LogModuleManager: Shutting down and abandoning module FunctionalTesting (208)
[2019.08.27-05.49.55:374][596]LogModuleManager: Shutting down and abandoning module CollisionAnalyzer (206)
[2019.08.27-05.49.55:374][596]LogModuleManager: Shutting down and abandoning module WorkspaceMenuStructure (205)
[2019.08.27-05.49.55:374][596]LogModuleManager: Shutting down and abandoning module UMG (202)
[2019.08.27-05.49.55:374][596]LogModuleManager: Shutting down and abandoning module UMGEditor (201)
[2019.08.27-05.49.55:374][596]LogModuleManager: Shutting down and abandoning module Sequencer (200)
[2019.08.27-05.49.55:374][596]LogModuleManager: Shutting down and abandoning module MessageLog (197)
[2019.08.27-05.49.55:374][596]LogModuleManager: Shutting down and abandoning module SlateReflector (192)
[2019.08.27-05.49.55:374][596]LogModuleManager: Shutting down and abandoning module Slate (190)
[2019.08.27-05.49.55:374][596]LogModuleManager: Shutting down and abandoning module EditorStyle (188)
[2019.08.27-05.49.55:375][596]LogModuleManager: Shutting down and abandoning module UnrealEd (186)
[2019.08.27-05.49.55:375][596]LogModuleManager: Shutting down and abandoning module MRMesh (184)
[2019.08.27-05.49.55:375][596]LogModuleManager: Shutting down and abandoning module SourceCodeAccess (182)
[2019.08.27-05.49.55:375][596]LogModuleManager: Shutting down and abandoning module HeadMountedDisplay (180)
[2019.08.27-05.49.55:375][596]LogModuleManager: Shutting down and abandoning module XAudio2 (178)
[2019.08.27-05.49.55:375][596]LogModuleManager: Shutting down and abandoning module Networking (176)
[2019.08.27-05.49.55:375][596]LogModuleManager: Shutting down and abandoning module Core (174)
[2019.08.27-05.49.55:375][596]LogModuleManager: Shutting down and abandoning module KismetCompiler (172)
[2019.08.27-05.49.55:375][596]LogModuleManager: Shutting down and abandoning module MeshUtilities (170)
[2019.08.27-05.49.55:375][596]LogModuleManager: Shutting down and abandoning module MeshMergeUtilities (169)
[2019.08.27-05.49.55:375][596]LogModuleManager: Shutting down and abandoning module MeshReductionInterface (168)
[2019.08.27-05.49.55:375][596]LogModuleManager: Shutting down and abandoning module SkeletalMeshReduction (167)
[2019.08.27-05.49.55:375][596]LogModuleManager: Shutting down and abandoning module ProxyLODMeshReduction (165)
[2019.08.27-05.49.55:375][596]LogModuleManager: Shutting down and abandoning module QuadricMeshReduction (163)
[2019.08.27-05.49.55:375][596]LogModuleManager: Shutting down and abandoning module MaterialBaking (159)
[2019.08.27-05.49.55:375][596]LogModuleManager: Shutting down and abandoning module DerivedDataCache (154)
[2019.08.27-05.49.55:392][596]LogDerivedDataCache: Shutdown
[2019.08.27-05.49.55:393][596]LogModuleManager: Shutting down and abandoning module XGEController (152)
[2019.08.27-05.49.55:393][596]LogModuleManager: Shutting down and abandoning module TargetPlatform (150)
[2019.08.27-05.49.55:393][596]LogModuleManager: Shutting down and abandoning module VulkanShaderFormat (149)
[2019.08.27-05.49.55:393][596]LogModuleManager: Shutting down and abandoning module ShaderFormatVectorVM (147)
[2019.08.27-05.49.55:393][596]LogModuleManager: Shutting down and abandoning module ShaderFormatOpenGL (145)
[2019.08.27-05.49.55:393][596]LogModuleManager: Shutting down and abandoning module ShaderFormatD3D (143)
[2019.08.27-05.49.55:393][596]LogModuleManager: Shutting down and abandoning module MetalShaderFormat (141)
[2019.08.27-05.49.55:393][596]LogModuleManager: Shutting down and abandoning module TextureFormatUncompressed (139)
[2019.08.27-05.49.55:393][596]LogModuleManager: Shutting down and abandoning module TextureFormatPVR (137)
[2019.08.27-05.49.55:393][596]LogModuleManager: Shutting down and abandoning module TextureFormatDXT (135)
[2019.08.27-05.49.55:393][596]LogModuleManager: Shutting down and abandoning module TextureFormatIntelISPCTexComp (133)
[2019.08.27-05.49.55:393][596]LogModuleManager: Shutting down and abandoning module TextureFormatASTC (131)
[2019.08.27-05.49.55:393][596]LogModuleManager: Shutting down and abandoning module ImageWrapper (130)
[2019.08.27-05.49.55:393][596]LogModuleManager: Shutting down and abandoning module TextureFormatAndroid (127)
[2019.08.27-05.49.55:393][596]LogModuleManager: Shutting down and abandoning module AudioFormatOpus (125)
[2019.08.27-05.49.55:393][596]LogModuleManager: Shutting down and abandoning module AudioFormatOgg (123)
[2019.08.27-05.49.55:393][596]LogModuleManager: Shutting down and abandoning module AudioFormatADPCM (121)
[2019.08.27-05.49.55:393][596]LogModuleManager: Shutting down and abandoning module LuminTargetPlatform (119)
[2019.08.27-05.49.55:394][596]LogModuleManager: Shutting down and abandoning module LinuxTargetPlatform (117)
[2019.08.27-05.49.55:394][596]LogModuleManager: Shutting down and abandoning module LinuxServerTargetPlatform (115)
[2019.08.27-05.49.55:394][596]LogModuleManager: Shutting down and abandoning module LinuxNoEditorTargetPlatform (113)
[2019.08.27-05.49.55:394][596]LogModuleManager: Shutting down and abandoning module LinuxClientTargetPlatform (111)
[2019.08.27-05.49.55:394][596]LogModuleManager: Shutting down and abandoning module TVOSTargetPlatform (109)
[2019.08.27-05.49.55:395][596]LogModuleManager: Shutting down and abandoning module Messaging (107)
[2019.08.27-05.49.55:395][596]LogModuleManager: Shutting down and abandoning module IOSTargetPlatform (105)
[2019.08.27-05.49.55:396][596]LogModuleManager: Shutting down and abandoning module HTML5TargetPlatform (103)
[2019.08.27-05.49.55:396][596]LogModuleManager: Shutting down and abandoning module AndroidTargetPlatform (101)
[2019.08.27-05.49.55:403][596]LogModuleManager: Shutting down and abandoning module WindowsTargetPlatform (99)
[2019.08.27-05.49.55:403][596]LogModuleManager: Shutting down and abandoning module WindowsServerTargetPlatform (97)
[2019.08.27-05.49.55:403][596]LogModuleManager: Shutting down and abandoning module WindowsNoEditorTargetPlatform (95)
[2019.08.27-05.49.55:403][596]LogModuleManager: Shutting down and abandoning module WindowsClientTargetPlatform (93)
[2019.08.27-05.49.55:403][596]LogModuleManager: Shutting down and abandoning module MacTargetPlatform (91)
[2019.08.27-05.49.55:403][596]LogModuleManager: Shutting down and abandoning module MacServerTargetPlatform (89)
[2019.08.27-05.49.55:403][596]LogModuleManager: Shutting down and abandoning module MacNoEditorTargetPlatform (87)
[2019.08.27-05.49.55:403][596]LogModuleManager: Shutting down and abandoning module MacClientTargetPlatform (85)
[2019.08.27-05.49.55:403][596]LogModuleManager: Shutting down and abandoning module AllDesktopTargetPlatform (83)
[2019.08.27-05.49.55:403][596]LogModuleManager: Shutting down and abandoning module InputCore (80)
[2019.08.27-05.49.55:403][596]LogModuleManager: Shutting down and abandoning module Settings (78)
[2019.08.27-05.49.55:403][596]LogModuleManager: Shutting down and abandoning module DirectoryWatcher (76)
[2019.08.27-05.49.55:403][596]LogModuleManager: Shutting down and abandoning module PhysXCooking (74)
[2019.08.27-05.49.55:403][596]LogModuleManager: Shutting down and abandoning module SteamVR (72)
[2019.08.27-05.49.55:403][596]LogHMD: Freeing OpenVRDLLHandle.
[2019.08.27-05.49.55:403][596]LogModuleManager: Shutting down and abandoning module OculusHMD (70)
[2019.08.27-05.49.55:403][596]LogModuleManager: Shutting down and abandoning module ExampleDeviceProfileSelector (68)
[2019.08.27-05.49.55:403][596]LogModuleManager: Shutting down and abandoning module LauncherChunkInstaller (66)
[2019.08.27-05.49.55:403][596]LogModuleManager: Shutting down and abandoning module OnlineBlueprintSupport (64)
[2019.08.27-05.49.55:403][596]LogModuleManager: Shutting down and abandoning module OnlineSubsystem (60)
[2019.08.27-05.49.55:404][596]LogModuleManager: Shutting down and abandoning module XMPP (55)
[2019.08.27-05.49.55:404][596]LogModuleManager: Shutting down and abandoning module WebSockets (54)
[2019.08.27-05.49.55:437][596]LogModuleManager: Shutting down and abandoning module HTTP (51)
[2019.08.27-05.49.55:437][596]LogHttp: Display: Http module shutting down, but needs to wait on 1 outstanding Http requests:
[2019.08.27-05.49.55:437][596]LogHttp: Display: 	verb=[POST] url=[https://datarouter.ol.epicgames.com/datarouter/api/v1/public/data?SessionID=%7B2BAA206D-48A3-7086-C726-10A985360E11%7D&AppID=UEEditor.Rocket.Release&AppVersion=4.22.3-7053642%2B%2B%2BUE4%2BRelease-4.22&UserID=fe70f06e4e39b21cd3ea468983a704fa%7C4c35da842c364a71b73539eabbef28af%7Cd6c47802-47ce-42ab-b6bf-bf4e3dec672c&AppEnvironment=datacollector-binary&UploadType=eteventstream] status=Processing
[2019.08.27-05.49.55:438][596]LogModuleManager: Shutting down and abandoning module SSL (50)
[2019.08.27-05.49.55:440][596]LogModuleManager: Shutting down and abandoning module WmfMedia (46)
[2019.08.27-05.49.55:441][596]LogModuleManager: Shutting down and abandoning module Media (45)
[2019.08.27-05.49.55:448][596]LogModuleManager: Shutting down and abandoning module MagicLeap (42)
[2019.08.27-05.49.55:448][596]LogModuleManager: Shutting down and abandoning module DatasmithContent (40)
[2019.08.27-05.49.55:449][596]LogModuleManager: Shutting down and abandoning module AnimationModifiers (38)
[2019.08.27-05.49.55:449][596]LogModuleManager: Shutting down and abandoning module PropertyEditor (37)
[2019.08.27-05.49.55:449][596]LogModuleManager: Shutting down and abandoning module AudioEditor (34)
[2019.08.27-05.49.55:449][596]LogModuleManager: Shutting down and abandoning module TextureCompressor (32)
[2019.08.27-05.49.55:449][596]LogModuleManager: Shutting down and abandoning module RenderCore (30)
[2019.08.27-05.49.55:450][596]LogModuleManager: Shutting down and abandoning module Landscape (28)
[2019.08.27-05.49.55:450][596]LogModuleManager: Shutting down and abandoning module SlateRHIRenderer (26)
[2019.08.27-05.49.55:450][596]LogModuleManager: Shutting down and abandoning module OpenGLDrv (24)
[2019.08.27-05.49.55:450][596]LogModuleManager: Shutting down and abandoning module D3D11RHI (22)
[2019.08.27-05.49.55:450][596]LogModuleManager: Shutting down and abandoning module AnimGraphRuntime (20)
[2019.08.27-05.49.55:450][596]LogModuleManager: Shutting down and abandoning module Renderer (18)
[2019.08.27-05.49.55:450][596]LogModuleManager: Shutting down and abandoning module Engine (16)
[2019.08.27-05.49.55:450][596]LogModuleManager: Shutting down and abandoning module CoreUObject (14)
[2019.08.27-05.49.55:450][596]LogModuleManager: Shutting down and abandoning module NetworkFile (12)
[2019.08.27-05.49.55:450][596]LogModuleManager: Shutting down and abandoning module CookedIterativeFile (10)
[2019.08.27-05.49.55:450][596]LogModuleManager: Shutting down and abandoning module StreamingFile (8)
[2019.08.27-05.49.55:450][596]LogModuleManager: Shutting down and abandoning module SandboxFile (6)
[2019.08.27-05.49.55:450][596]LogModuleManager: Shutting down and abandoning module PakFile (4)
[2019.08.27-05.49.55:450][596]LogModuleManager: Shutting down and abandoning module RSA (3)
[2019.08.27-05.49.55:458][596]LogExit: Exiting.
[2019.08.27-05.49.55:480][596]Log file closed, 08/27/19 17:49:55
